Using pre-set license
Built from '2021.1/staging' branch; Version is '2021.1.21f1 (f2d5d3c59f8c) revision 15914451'; Using compiler version '192528614'; Build Type 'Release'
OS: 'Windows 10 Education; OS build 19044.2006; Version 2009; 64bit' Language: 'en' Physical Memory: 16317 MB
BatchMode: 1, IsHumanControllingUs: 0, StartBugReporterOnCrash: 0, Is64bit: 1, IsPro: 0

COMMAND LINE ARGUMENTS:
C:\Program Files\Unity\Hub\Editor\2021.1.21f1\Editor\Unity.exe
-adb2
-batchMode
-noUpm
-name
AssetImportWorker3
-projectPath
C:/Users/Tobias/Documents/GitHub/SWP-Jahresprojekt-VRGame/Game
-logFile
Logs/AssetImportWorker3.log
-srvPort
62908
Successfully changed project path to: C:/Users/Tobias/Documents/GitHub/SWP-Jahresprojekt-VRGame/Game
C:/Users/Tobias/Documents/GitHub/SWP-Jahresprojekt-VRGame/Game
Using Asset Import Pipeline V2.
Refreshing native plugins compatible for Editor in 226.82 ms, found 8 plugins.
Preloading 1 native plugins for Editor in 0.66 ms.
Initialize engine version: 2021.1.21f1 (f2d5d3c59f8c)
[Subsystems] Discovering subsystems at path C:/Program Files/Unity/Hub/Editor/2021.1.21f1/Editor/Data/Resources/UnitySubsystems
[Subsystems] Discovering subsystems at path C:/Users/Tobias/Documents/GitHub/SWP-Jahresprojekt-VRGame/Game/Assets
GfxDevice: creating device client; threaded=0; jobified=0
Direct3D:
    Version:  Direct3D 11.0 [level 11.1]
    Renderer: NVIDIA GeForce GTX 1660 (ID=0x2184)
    Vendor:   NVIDIA
    VRAM:     5991 MB
    Driver:   30.0.15.1215
Shader 'Oculus/OVRMRCameraFrameLit': fallback shader 'Alpha-Diffuse' not found
Initialize mono
Mono path[0] = 'C:/Program Files/Unity/Hub/Editor/2021.1.21f1/Editor/Data/Managed'
Mono path[1] = 'C:/Program Files/Unity/Hub/Editor/2021.1.21f1/Editor/Data/MonoBleedingEdge/lib/mono/unityjit'
Mono config path = 'C:/Program Files/Unity/Hub/Editor/2021.1.21f1/Editor/Data/MonoBleedingEdge/etc'
Using monoOptions --debugger-agent=transport=dt_socket,embedding=1,server=y,suspend=n,address=127.0.0.1:56572
Begin MonoManager ReloadAssembly
Registering precompiled unity dll's ...
Register platform support module: C:/Program Files/Unity/Hub/Editor/2021.1.21f1/Editor/Data/PlaybackEngines/WindowsStandaloneSupport/UnityEditor.WindowsStandalone.Extensions.dll
Registered in 0.002417 seconds.
Native extension for WindowsStandalone target not found
Refreshing native plugins compatible for Editor in 206.60 ms, found 8 plugins.
Preloading 1 native plugins for Editor in 0.20 ms.
Mono: successfully reloaded assembly
- Completed reload, in  2.679 seconds
Domain Reload Profiling:
	ReloadAssembly (2679ms)
		BeginReloadAssembly (73ms)
			ExecutionOrderSort (0ms)
			DisableScriptedObjects (0ms)
			BackupInstance (0ms)
			ReleaseScriptingObjects (0ms)
			CreateAndSetChildDomain (1ms)
		EndReloadAssembly (679ms)
			LoadAssemblies (70ms)
			RebuildTransferFunctionScriptingTraits (0ms)
			SetupTypeCache (208ms)
			ReleaseScriptCaches (0ms)
			RebuildScriptCaches (32ms)
			SetupLoadedEditorAssemblies (374ms)
				LogAssemblyErrors (0ms)
				InitializePlatformSupportModulesInManaged (8ms)
				SetLoadedEditorAssemblies (0ms)
				RefreshPlugins (207ms)
				BeforeProcessingInitializeOnLoad (2ms)
				ProcessInitializeOnLoadAttributes (119ms)
				ProcessInitializeOnLoadMethodAttributes (37ms)
				AfterProcessingInitializeOnLoad (0ms)
				EditorAssembliesLoaded (0ms)
			ExecutionOrderSort2 (0ms)
			AwakeInstancesAfterBackupRestoration (0ms)
Platform modules already initialized, skipping
Registering precompiled user dll's ...
Registered in 0.009158 seconds.
Begin MonoManager ReloadAssembly
Symbol file LoadedFromMemory doesn't match image C:\Users\Tobias\Documents\GitHub\SWP-Jahresprojekt-VRGame\Game\Library\PackageCache\com.unity.visualscripting@1.6.1\Editor\VisualScripting.Core\Dependencies\DotNetZip\Unity.VisualScripting.IonicZip.dll
Symbol file LoadedFromMemory doesn't match image C:\Users\Tobias\Documents\GitHub\SWP-Jahresprojekt-VRGame\Game\Library\PackageCache\com.unity.visualscripting@1.6.1\Editor\VisualScripting.Core\Dependencies\YamlDotNet\Unity.VisualScripting.YamlDotNet.dll
Native extension for WindowsStandalone target not found
Refreshing native plugins compatible for Editor in 215.21 ms, found 8 plugins.
Preloading 1 native plugins for Editor in 0.09 ms.
[XR] OculusXRPlugin: registering subsystems
[XR] Unable to register display lifecyle provider: [1]
[XR] Oculus Input lifecycle provider registered.
[XR] Unable to register input lifecyle provider: [1]
[XR] OVRP version 1.75.0
Mono: successfully reloaded assembly
- Completed reload, in  2.041 seconds
Domain Reload Profiling:
	ReloadAssembly (2042ms)
		BeginReloadAssembly (192ms)
			ExecutionOrderSort (0ms)
			DisableScriptedObjects (6ms)
			BackupInstance (0ms)
			ReleaseScriptingObjects (0ms)
			CreateAndSetChildDomain (24ms)
		EndReloadAssembly (1770ms)
			LoadAssemblies (133ms)
			RebuildTransferFunctionScriptingTraits (0ms)
			SetupTypeCache (521ms)
			ReleaseScriptCaches (1ms)
			RebuildScriptCaches (105ms)
			SetupLoadedEditorAssemblies (851ms)
				LogAssemblyErrors (0ms)
				InitializePlatformSupportModulesInManaged (5ms)
				SetLoadedEditorAssemblies (0ms)
				RefreshPlugins (215ms)
				BeforeProcessingInitializeOnLoad (113ms)
				ProcessInitializeOnLoadAttributes (492ms)
				ProcessInitializeOnLoadMethodAttributes (15ms)
				AfterProcessingInitializeOnLoad (10ms)
				EditorAssembliesLoaded (0ms)
			ExecutionOrderSort2 (0ms)
			AwakeInstancesAfterBackupRestoration (9ms)
Platform modules already initialized, skipping
========================================================================
Worker process is ready to serve import requests
Shader 'Oculus/OVRMRCameraFrameLit': fallback shader 'Alpha-Diffuse' not found
Launched and connected shader compiler UnityShaderCompiler.exe after 0.05 seconds
Refreshing native plugins compatible for Editor in 2.64 ms, found 8 plugins.
Preloading 1 native plugins for Editor in 0.16 ms.
Unloading 4846 Unused Serialized files (Serialized files now loaded: 0)
System memory in use before: 186.7 MB.
System memory in use after: 186.9 MB.

Unloading 53 unused Assets to reduce memory usage. Loaded Objects now: 5275.
Total: 6.409500 ms (FindLiveObjects: 0.918000 ms CreateObjectMapping: 0.386300 ms MarkObjects: 4.991300 ms  DeleteObjects: 0.111700 ms)

AssetImportParameters requested are different than current active one (requested -> active):
  custom:framework-win-MediaFoundation: 216162199b28c13a410421893ffa2e32 -> 
  custom:video-decoder-ogg-theora: a1e56fd34408186e4bbccfd4996cb3dc -> 
  custom:container-muxer-webm: aa71ff27fc2769a1b78a27578f13a17b -> 
  custom:container-demuxer-webm: 4f35f7cbe854078d1ac9338744f61a02 -> 
  custom:container-demuxer-ogg: 62fdf1f143b41e24485cea50d1cbac27 -> 
  custom:video-encoder-webm-vp8: eb34c28f22e8b96e1ab97ce403110664 -> 
  custom:video-decoder-webm-vp8: 9c59270c3fd7afecdb556c50c9e8de78 -> 
  custom:audio-decoder-ogg-vorbis: bf7c407c2cedff20999df2af8eb42d56 -> 
  custom:audio-encoder-webm-vorbis: bf7c407c2cedff20999df2af8eb42d56 -> 
========================================================================
Received Import Request.
  path: Assets/External/Reddit.png
  artifactKey: Guid(a1c0a293a7b6c7943915e17079ec2972) Importer(815301076,1909f56bfc062723c751e8b465ee728b)
Start importing Assets/External/Reddit.png using Guid(a1c0a293a7b6c7943915e17079ec2972) Importer(815301076,1909f56bfc062723c751e8b465ee728b)  -> (artifact id: 'fc60bf04a5b232fe4992378e708332ae') in 0.824190 seconds 
========================================================================
Received Import Request.
  Time since last request: 0.000281 seconds.
  path: Assets/External/Test 1.fbx
  artifactKey: Guid(6376c0ca07edda64399fdbc0604a5ea6) Importer(815301076,1909f56bfc062723c751e8b465ee728b)
Start importing Assets/External/Test 1.fbx using Guid(6376c0ca07edda64399fdbc0604a5ea6) Importer(815301076,1909f56bfc062723c751e8b465ee728b)  -> (artifact id: 'eda52dd1517951546a2894301c1d1ab8') in 1.070940 seconds 
========================================================================
Received Import Request.
  Time since last request: 0.000369 seconds.
  path: Assets/External
  artifactKey: Guid(3ca92ed668212324db28ed7d763cf64b) Importer(815301076,1909f56bfc062723c751e8b465ee728b)
Start importing Assets/External using Guid(3ca92ed668212324db28ed7d763cf64b) Importer(815301076,1909f56bfc062723c751e8b465ee728b)  -> (artifact id: '33b7f523eeb60ab093c7f962c4569e6b') in 0.006450 seconds 
========================================================================
Received Import Request.
  Time since last request: 0.000261 seconds.
  path: Assets/External/discord.png
  artifactKey: Guid(2a3eae501cefd384c9793f527840b2bd) Importer(815301076,1909f56bfc062723c751e8b465ee728b)
Start importing Assets/External/discord.png using Guid(2a3eae501cefd384c9793f527840b2bd) Importer(815301076,1909f56bfc062723c751e8b465ee728b)  -> (artifact id: '8ab5b14c29a361b158d60fe438544476') in 0.063724 seconds 
========================================================================
Received Import Request.
  Time since last request: 0.000283 seconds.
  path: Assets/External/Test.fbx
  artifactKey: Guid(1c0eaba2e6a440644adc0137e6ca6c4f) Importer(815301076,1909f56bfc062723c751e8b465ee728b)
Start importing Assets/External/Test.fbx using Guid(1c0eaba2e6a440644adc0137e6ca6c4f) Importer(815301076,1909f56bfc062723c751e8b465ee728b)  -> (artifact id: '0abd4def93b237e96fbcf8b51c861540') in 0.448175 seconds 
========================================================================
Received Import Request.
  Time since last request: 0.000296 seconds.
  path: Assets/External/Instagram.jpg
  artifactKey: Guid(60c6585da42f85d4c879d85ca4fd661a) Importer(815301076,1909f56bfc062723c751e8b465ee728b)
Start importing Assets/External/Instagram.jpg using Guid(60c6585da42f85d4c879d85ca4fd661a) Importer(815301076,1909f56bfc062723c751e8b465ee728b)  -> (artifact id: '393e5bf989c12ebe84994451f11d2cb3') in 0.037281 seconds 
