Using pre-set license
Built from '2021.1/staging' branch; Version is '2021.1.21f1 (f2d5d3c59f8c) revision 15914451'; Using compiler version '192528614'; Build Type 'Release'
OS: 'Windows 10 Home; OS build 19044.2130; Version 2009; 64bit' Language: 'de' Physical Memory: 7843 MB
BatchMode: 1, IsHumanControllingUs: 0, StartBugReporterOnCrash: 0, Is64bit: 1, IsPro: 0

COMMAND LINE ARGUMENTS:
C:\Program Files\Unity\Hub\Editor\2021.1.21f1\Editor\Unity.exe
-adb2
-batchMode
-noUpm
-name
AssetImportWorker6
-projectPath
C:/Users/adama/Documents/GitHub/VR-Game-SWP/Game
-logFile
Logs/AssetImportWorker6.log
-srvPort
52091
Successfully changed project path to: C:/Users/adama/Documents/GitHub/VR-Game-SWP/Game
C:/Users/adama/Documents/GitHub/VR-Game-SWP/Game
Using Asset Import Pipeline V2.
Refreshing native plugins compatible for Editor in 734.25 ms, found 8 plugins.
Preloading 1 native plugins for Editor in 4.49 ms.
Initialize engine version: 2021.1.21f1 (f2d5d3c59f8c)
[Subsystems] Discovering subsystems at path C:/Program Files/Unity/Hub/Editor/2021.1.21f1/Editor/Data/Resources/UnitySubsystems
[Subsystems] Discovering subsystems at path C:/Users/adama/Documents/GitHub/VR-Game-SWP/Game/Assets
GfxDevice: creating device client; threaded=0; jobified=0
Direct3D:
    Version:  Direct3D 11.0 [level 11.1]
    Renderer: AMD Radeon(TM) Vega 3 Graphics (ID=0x15dd)
    Vendor:   ATI
    VRAM:     3921 MB
    Driver:   27.20.15002.8001
Shader 'Oculus/OVRMRCameraFrameLit': fallback shader 'Alpha-Diffuse' not found
Initialize mono
Mono path[0] = 'C:/Program Files/Unity/Hub/Editor/2021.1.21f1/Editor/Data/Managed'
Mono path[1] = 'C:/Program Files/Unity/Hub/Editor/2021.1.21f1/Editor/Data/MonoBleedingEdge/lib/mono/unityjit'
Mono config path = 'C:/Program Files/Unity/Hub/Editor/2021.1.21f1/Editor/Data/MonoBleedingEdge/etc'
Using monoOptions --debugger-agent=transport=dt_socket,embedding=1,server=y,suspend=n,address=127.0.0.1:56512
Begin MonoManager ReloadAssembly
Registering precompiled unity dll's ...
Register platform support module: C:/Program Files/Unity/Hub/Editor/2021.1.21f1/Editor/Data/PlaybackEngines/WindowsStandaloneSupport/UnityEditor.WindowsStandalone.Extensions.dll
Registered in 0.011282 seconds.
Native extension for WindowsStandalone target not found
Refreshing native plugins compatible for Editor in 640.51 ms, found 8 plugins.
Preloading 1 native plugins for Editor in 1.50 ms.
Mono: successfully reloaded assembly
- Completed reload, in  9.052 seconds
Domain Reload Profiling:
	ReloadAssembly (9053ms)
		BeginReloadAssembly (401ms)
			ExecutionOrderSort (0ms)
			DisableScriptedObjects (0ms)
			BackupInstance (0ms)
			ReleaseScriptingObjects (0ms)
			CreateAndSetChildDomain (2ms)
		EndReloadAssembly (2177ms)
			LoadAssemblies (393ms)
			RebuildTransferFunctionScriptingTraits (0ms)
			SetupTypeCache (646ms)
			ReleaseScriptCaches (0ms)
			RebuildScriptCaches (93ms)
			SetupLoadedEditorAssemblies (1236ms)
				LogAssemblyErrors (0ms)
				InitializePlatformSupportModulesInManaged (22ms)
				SetLoadedEditorAssemblies (1ms)
				RefreshPlugins (643ms)
				BeforeProcessingInitializeOnLoad (5ms)
				ProcessInitializeOnLoadAttributes (433ms)
				ProcessInitializeOnLoadMethodAttributes (132ms)
				AfterProcessingInitializeOnLoad (0ms)
				EditorAssembliesLoaded (0ms)
			ExecutionOrderSort2 (0ms)
			AwakeInstancesAfterBackupRestoration (0ms)
Platform modules already initialized, skipping
Registering precompiled user dll's ...
Registered in 0.051466 seconds.
Begin MonoManager ReloadAssembly
Symbol file LoadedFromMemory doesn't match image C:\Users\adama\Documents\GitHub\VR-Game-SWP\Game\Library\PackageCache\com.unity.visualscripting@1.6.1\Editor\VisualScripting.Core\Dependencies\DotNetZip\Unity.VisualScripting.IonicZip.dll
Symbol file LoadedFromMemory doesn't match image C:\Users\adama\Documents\GitHub\VR-Game-SWP\Game\Library\PackageCache\com.unity.visualscripting@1.6.1\Editor\VisualScripting.Core\Dependencies\YamlDotNet\Unity.VisualScripting.YamlDotNet.dll
Native extension for WindowsStandalone target not found
Refreshing native plugins compatible for Editor in 594.79 ms, found 8 plugins.
Preloading 1 native plugins for Editor in 0.23 ms.
[XR] OculusXRPlugin: registering subsystems
[XR] Unable to register display lifecyle provider: [1]
[XR] Oculus Input lifecycle provider registered.
[XR] Unable to register input lifecyle provider: [1]
[XR] OVRP version 1.75.0
Mono: successfully reloaded assembly
- Completed reload, in  6.083 seconds
Domain Reload Profiling:
	ReloadAssembly (6085ms)
		BeginReloadAssembly (700ms)
			ExecutionOrderSort (0ms)
			DisableScriptedObjects (19ms)
			BackupInstance (0ms)
			ReleaseScriptingObjects (1ms)
			CreateAndSetChildDomain (62ms)
		EndReloadAssembly (5142ms)
			LoadAssemblies (439ms)
			RebuildTransferFunctionScriptingTraits (0ms)
			SetupTypeCache (1422ms)
			ReleaseScriptCaches (2ms)
			RebuildScriptCaches (360ms)
			SetupLoadedEditorAssemblies (2557ms)
				LogAssemblyErrors (0ms)
				InitializePlatformSupportModulesInManaged (16ms)
				SetLoadedEditorAssemblies (0ms)
				RefreshPlugins (595ms)
				BeforeProcessingInitializeOnLoad (349ms)
				ProcessInitializeOnLoadAttributes (1470ms)
				ProcessInitializeOnLoadMethodAttributes (64ms)
				AfterProcessingInitializeOnLoad (62ms)
				EditorAssembliesLoaded (0ms)
			ExecutionOrderSort2 (0ms)
			AwakeInstancesAfterBackupRestoration (28ms)
Platform modules already initialized, skipping
========================================================================
Worker process is ready to serve import requests
Shader 'Oculus/OVRMRCameraFrameLit': fallback shader 'Alpha-Diffuse' not found
Launched and connected shader compiler UnityShaderCompiler.exe after 0.26 seconds
Refreshing native plugins compatible for Editor in 6.70 ms, found 8 plugins.
Preloading 1 native plugins for Editor in 0.48 ms.
Unloading 4846 Unused Serialized files (Serialized files now loaded: 0)
System memory in use before: 203.8 MB.
System memory in use after: 204.1 MB.

Unloading 53 unused Assets to reduce memory usage. Loaded Objects now: 5275.
Total: 19.842700 ms (FindLiveObjects: 2.365000 ms CreateObjectMapping: 1.186800 ms MarkObjects: 15.972700 ms  DeleteObjects: 0.313000 ms)

AssetImportParameters requested are different than current active one (requested -> active):
  custom:framework-win-MediaFoundation: 216162199b28c13a410421893ffa2e32 -> 
  custom:video-decoder-ogg-theora: a1e56fd34408186e4bbccfd4996cb3dc -> 
  custom:container-muxer-webm: aa71ff27fc2769a1b78a27578f13a17b -> 
  custom:container-demuxer-webm: 4f35f7cbe854078d1ac9338744f61a02 -> 
  custom:container-demuxer-ogg: 62fdf1f143b41e24485cea50d1cbac27 -> 
  custom:video-encoder-webm-vp8: eb34c28f22e8b96e1ab97ce403110664 -> 
  custom:video-decoder-webm-vp8: 9c59270c3fd7afecdb556c50c9e8de78 -> 
  custom:audio-decoder-ogg-vorbis: bf7c407c2cedff20999df2af8eb42d56 -> 
  custom:audio-encoder-webm-vorbis: bf7c407c2cedff20999df2af8eb42d56 -> 
========================================================================
Received Import Request.
  path: Assets/Scenes/Development.unity
  artifactKey: Guid(9fc0d4010bbf28b4594072e72b8655ab) Importer(815301076,1909f56bfc062723c751e8b465ee728b)
Start importing Assets/Scenes/Development.unity using Guid(9fc0d4010bbf28b4594072e72b8655ab) Importer(815301076,1909f56bfc062723c751e8b465ee728b)  -> (artifact id: '980bc99bdd2d4ed1997c2debd16b1be0') in 0.081598 seconds 
========================================================================
Received Import Request.
  Time since last request: 628.290383 seconds.
  path: Assets/Blink
  artifactKey: Guid(9ef635511abd5d44d8ad719d04af9ac9) Importer(815301076,1909f56bfc062723c751e8b465ee728b)
Start importing Assets/Blink using Guid(9ef635511abd5d44d8ad719d04af9ac9) Importer(815301076,1909f56bfc062723c751e8b465ee728b)  -> (artifact id: '02f5a6659b6919a7501aac4d64e837e5') in 0.029162 seconds 
========================================================================
Received Import Request.
  Time since last request: 0.708173 seconds.
  path: Assets/Blink/Art
  artifactKey: Guid(0422de34c52725f4689f347e9988b62a) Importer(815301076,1909f56bfc062723c751e8b465ee728b)
Start importing Assets/Blink/Art using Guid(0422de34c52725f4689f347e9988b62a) Importer(815301076,1909f56bfc062723c751e8b465ee728b)  -> (artifact id: '29c18262e2c3c78488eaf55bc4114203') in 0.024257 seconds 
========================================================================
Received Import Request.
  Time since last request: 0.590727 seconds.
  path: Assets/Blink/Art/Animals
  artifactKey: Guid(b0c886b2e10e9bd4898d2be19a19d6e3) Importer(815301076,1909f56bfc062723c751e8b465ee728b)
Start importing Assets/Blink/Art/Animals using Guid(b0c886b2e10e9bd4898d2be19a19d6e3) Importer(815301076,1909f56bfc062723c751e8b465ee728b)  -> (artifact id: 'e7c803a3e378a7f20a03a3968bf70771') in 0.019212 seconds 
========================================================================
Received Import Request.
  Time since last request: 0.596171 seconds.
  path: Assets/Blink/Art/Animals/Stylized
  artifactKey: Guid(744c080e7389e3249b7dd2b124b6705b) Importer(815301076,1909f56bfc062723c751e8b465ee728b)
Start importing Assets/Blink/Art/Animals/Stylized using Guid(744c080e7389e3249b7dd2b124b6705b) Importer(815301076,1909f56bfc062723c751e8b465ee728b)  -> (artifact id: 'c47bd03be615491a7f885945dc74e79d') in 0.019791 seconds 
========================================================================
Received Import Request.
  Time since last request: 0.566416 seconds.
  path: Assets/Blink/Art/Animals/Stylized/Bear
  artifactKey: Guid(732a34944c5eb2c43bb0b80fe20f1bb3) Importer(815301076,1909f56bfc062723c751e8b465ee728b)
Start importing Assets/Blink/Art/Animals/Stylized/Bear using Guid(732a34944c5eb2c43bb0b80fe20f1bb3) Importer(815301076,1909f56bfc062723c751e8b465ee728b)  -> (artifact id: 'eb2a3bf260d5313e1cea66613d4caef6') in 0.031142 seconds 
========================================================================
Received Import Request.
  Time since last request: 2.278905 seconds.
  path: Assets/Blink/Art/Animals/Stylized/Bear/Bear_Prefabs
  artifactKey: Guid(fd1f0b2fba998b740808cbc90d18d0ba) Importer(815301076,1909f56bfc062723c751e8b465ee728b)
Start importing Assets/Blink/Art/Animals/Stylized/Bear/Bear_Prefabs using Guid(fd1f0b2fba998b740808cbc90d18d0ba) Importer(815301076,1909f56bfc062723c751e8b465ee728b)  -> (artifact id: '007cff1929ed210092b1639bf0d5af52') in 0.025520 seconds 
========================================================================
Received Import Request.
  Time since last request: 0.032808 seconds.
  path: Assets/Blink/Art/Animals/Stylized/Bear/Bear_Prefabs/Bear_4.prefab
  artifactKey: Guid(f5b41ba4c79702547a89de7544b80656) Importer(815301076,1909f56bfc062723c751e8b465ee728b)
Start importing Assets/Blink/Art/Animals/Stylized/Bear/Bear_Prefabs/Bear_4.prefab using Guid(f5b41ba4c79702547a89de7544b80656) Importer(815301076,1909f56bfc062723c751e8b465ee728b)  -> (artifact id: 'b7340ca9f2620d4f5bcbf337399f7805') in 2.019075 seconds 
========================================================================
Received Import Request.
  Time since last request: 6.548789 seconds.
  path: Assets/Blink/Art/Animals/Stylized/Bear/Bear_Prefabs/BearAnimator.controller
  artifactKey: Guid(6b74c0471f91af34f8e98a4d46810410) Importer(815301076,1909f56bfc062723c751e8b465ee728b)
Start importing Assets/Blink/Art/Animals/Stylized/Bear/Bear_Prefabs/BearAnimator.controller using Guid(6b74c0471f91af34f8e98a4d46810410) Importer(815301076,1909f56bfc062723c751e8b465ee728b)  -> (artifact id: '3e44f8831dfc96a3363c9e7063a32c1d') in 0.176398 seconds 
========================================================================
Received Import Request.
  Time since last request: 52.075276 seconds.
  path: Assets/Enemy Script.cs
  artifactKey: Guid(3c50316605dd08f46a150521bf474ebb) Importer(815301076,1909f56bfc062723c751e8b465ee728b)
Start importing Assets/Enemy Script.cs using Guid(3c50316605dd08f46a150521bf474ebb) Importer(815301076,1909f56bfc062723c751e8b465ee728b)  -> (artifact id: 'e956a884ea368c791f6441110f4e23ae') in 0.050943 seconds 
========================================================================
Received Prepare
Registering precompiled user dll's ...
Registered in 0.244015 seconds.
Begin MonoManager ReloadAssembly
Symbol file LoadedFromMemory doesn't match image C:\Users\adama\Documents\GitHub\VR-Game-SWP\Game\Library\PackageCache\com.unity.visualscripting@1.6.1\Editor\VisualScripting.Core\Dependencies\DotNetZip\Unity.VisualScripting.IonicZip.dll
Symbol file LoadedFromMemory doesn't match image C:\Users\adama\Documents\GitHub\VR-Game-SWP\Game\Library\PackageCache\com.unity.visualscripting@1.6.1\Editor\VisualScripting.Core\Dependencies\YamlDotNet\Unity.VisualScripting.YamlDotNet.dll
Native extension for WindowsStandalone target not found
Refreshing native plugins compatible for Editor in 10.83 ms, found 8 plugins.
Preloading 1 native plugins for Editor in 1.43 ms.
Mono: successfully reloaded assembly
- Completed reload, in 30.213 seconds
Domain Reload Profiling:
	ReloadAssembly (30224ms)
		BeginReloadAssembly (3183ms)
			ExecutionOrderSort (0ms)
			DisableScriptedObjects (91ms)
			BackupInstance (0ms)
			ReleaseScriptingObjects (2ms)
			CreateAndSetChildDomain (1555ms)
		EndReloadAssembly (25925ms)
			LoadAssemblies (2479ms)
			RebuildTransferFunctionScriptingTraits (2ms)
			SetupTypeCache (9718ms)
			ReleaseScriptCaches (23ms)
			RebuildScriptCaches (3159ms)
			SetupLoadedEditorAssemblies (8392ms)
				LogAssemblyErrors (0ms)
				InitializePlatformSupportModulesInManaged (214ms)
				SetLoadedEditorAssemblies (3ms)
				RefreshPlugins (13ms)
				BeforeProcessingInitializeOnLoad (1210ms)
				ProcessInitializeOnLoadAttributes (6424ms)
				ProcessInitializeOnLoadMethodAttributes (435ms)
				AfterProcessingInitializeOnLoad (91ms)
				EditorAssembliesLoaded (2ms)
			ExecutionOrderSort2 (0ms)
			AwakeInstancesAfterBackupRestoration (46ms)
Platform modules already initialized, skipping
Switching build target platform(19) subTarget(0) extendedPlatform(0) -> platform(13) subTarget(524288) extendedPlatform(0)
Shader 'Oculus/OVRMRCameraFrameLit': fallback shader 'Alpha-Diffuse' not found
Refreshing native plugins compatible for Editor in 4.67 ms, found 8 plugins.
Preloading 1 native plugins for Editor in 0.25 ms.
Unloading 4757 Unused Serialized files (Serialized files now loaded: 0)
System memory in use before: 211.1 MB.
System memory in use after: 211.3 MB.

Unloading 46 unused Assets to reduce memory usage. Loaded Objects now: 5287.
Total: 372.207700 ms (FindLiveObjects: 95.744500 ms CreateObjectMapping: 9.950400 ms MarkObjects: 265.891100 ms  DeleteObjects: 0.584100 ms)

AssetImportParameters requested are different than current active one (requested -> active):
  custom:framework-win-MediaFoundation: 216162199b28c13a410421893ffa2e32 -> 
  custom:video-decoder-ogg-theora: a1e56fd34408186e4bbccfd4996cb3dc -> 
  custom:container-muxer-webm: aa71ff27fc2769a1b78a27578f13a17b -> 
  custom:container-demuxer-webm: 4f35f7cbe854078d1ac9338744f61a02 -> 
  custom:container-demuxer-ogg: 62fdf1f143b41e24485cea50d1cbac27 -> 
  custom:video-encoder-webm-vp8: eb34c28f22e8b96e1ab97ce403110664 -> 
  custom:video-decoder-webm-vp8: 9c59270c3fd7afecdb556c50c9e8de78 -> 
  custom:graphics/normal-map-encoding: 01000000000000000000000000000000 -> 02000000000000000000000000000000
  custom:audio-decoder-ogg-vorbis: bf7c407c2cedff20999df2af8eb42d56 -> 
  custom:audio-encoder-webm-vorbis: bf7c407c2cedff20999df2af8eb42d56 -> 
========================================================================
Received Prepare
Registering precompiled user dll's ...
Registered in 0.076753 seconds.
Begin MonoManager ReloadAssembly
Symbol file LoadedFromMemory doesn't match image C:\Users\adama\Documents\GitHub\VR-Game-SWP\Game\Library\PackageCache\com.unity.visualscripting@1.6.1\Editor\VisualScripting.Core\Dependencies\DotNetZip\Unity.VisualScripting.IonicZip.dll
Symbol file LoadedFromMemory doesn't match image C:\Users\adama\Documents\GitHub\VR-Game-SWP\Game\Library\PackageCache\com.unity.visualscripting@1.6.1\Editor\VisualScripting.Core\Dependencies\YamlDotNet\Unity.VisualScripting.YamlDotNet.dll
Native extension for WindowsStandalone target not found
Refreshing native plugins compatible for Editor in 6.10 ms, found 8 plugins.
Preloading 1 native plugins for Editor in 0.42 ms.
Mono: successfully reloaded assembly
- Completed reload, in  9.607 seconds
Domain Reload Profiling:
	ReloadAssembly (9610ms)
		BeginReloadAssembly (1433ms)
			ExecutionOrderSort (0ms)
			DisableScriptedObjects (99ms)
			BackupInstance (0ms)
			ReleaseScriptingObjects (2ms)
			CreateAndSetChildDomain (670ms)
		EndReloadAssembly (7697ms)
			LoadAssemblies (882ms)
			RebuildTransferFunctionScriptingTraits (0ms)
			SetupTypeCache (2281ms)
			ReleaseScriptCaches (5ms)
			RebuildScriptCaches (223ms)
			SetupLoadedEditorAssemblies (2939ms)
				LogAssemblyErrors (0ms)
				InitializePlatformSupportModulesInManaged (17ms)
				SetLoadedEditorAssemblies (4ms)
				RefreshPlugins (7ms)
				BeforeProcessingInitializeOnLoad (415ms)
				ProcessInitializeOnLoadAttributes (2368ms)
				ProcessInitializeOnLoadMethodAttributes (83ms)
				AfterProcessingInitializeOnLoad (40ms)
				EditorAssembliesLoaded (6ms)
			ExecutionOrderSort2 (0ms)
			AwakeInstancesAfterBackupRestoration (24ms)
Platform modules already initialized, skipping
Switching build target platform(19) subTarget(0) extendedPlatform(0) -> platform(13) subTarget(524288) extendedPlatform(0)
Shader 'Oculus/OVRMRCameraFrameLit': fallback shader 'Alpha-Diffuse' not found
Refreshing native plugins compatible for Editor in 3.08 ms, found 8 plugins.
Preloading 1 native plugins for Editor in 0.17 ms.
Unloading 4757 Unused Serialized files (Serialized files now loaded: 0)
System memory in use before: 211.2 MB.
System memory in use after: 211.4 MB.

Unloading 46 unused Assets to reduce memory usage. Loaded Objects now: 5290.
Total: 12.966100 ms (FindLiveObjects: 1.142400 ms CreateObjectMapping: 0.738800 ms MarkObjects: 10.423700 ms  DeleteObjects: 0.659000 ms)

AssetImportParameters requested are different than current active one (requested -> active):
  custom:framework-win-MediaFoundation: 216162199b28c13a410421893ffa2e32 -> 
  custom:video-decoder-ogg-theora: a1e56fd34408186e4bbccfd4996cb3dc -> 
  custom:container-muxer-webm: aa71ff27fc2769a1b78a27578f13a17b -> 
  custom:container-demuxer-webm: 4f35f7cbe854078d1ac9338744f61a02 -> 
  custom:container-demuxer-ogg: 62fdf1f143b41e24485cea50d1cbac27 -> 
  custom:video-encoder-webm-vp8: eb34c28f22e8b96e1ab97ce403110664 -> 
  custom:video-decoder-webm-vp8: 9c59270c3fd7afecdb556c50c9e8de78 -> 
  custom:graphics/normal-map-encoding: 01000000000000000000000000000000 -> 02000000000000000000000000000000
  custom:audio-decoder-ogg-vorbis: bf7c407c2cedff20999df2af8eb42d56 -> 
  custom:audio-encoder-webm-vorbis: bf7c407c2cedff20999df2af8eb42d56 -> 
========================================================================
Received Import Request.
  Time since last request: 1695.078745 seconds.
  path: Assets/Enemy Script.cs
  artifactKey: Guid(3c50316605dd08f46a150521bf474ebb) Importer(815301076,1909f56bfc062723c751e8b465ee728b)
Start importing Assets/Enemy Script.cs using Guid(3c50316605dd08f46a150521bf474ebb) Importer(815301076,1909f56bfc062723c751e8b465ee728b)  -> (artifact id: 'cd6a9a3a5258f01d0c00e490c48d2412') in 0.037754 seconds 
========================================================================
Received Import Request.
  Time since last request: 43.850700 seconds.
  path: Assets/EnemyScript.cs
  artifactKey: Guid(3c50316605dd08f46a150521bf474ebb) Importer(815301076,1909f56bfc062723c751e8b465ee728b)
Start importing Assets/EnemyScript.cs using Guid(3c50316605dd08f46a150521bf474ebb) Importer(815301076,1909f56bfc062723c751e8b465ee728b)  -> (artifact id: 'f05d41ff9abbcc8b6973b00d227e4f12') in 0.323758 seconds 
========================================================================
Received Prepare
Registering precompiled user dll's ...
Registered in 0.060591 seconds.
Begin MonoManager ReloadAssembly
Symbol file LoadedFromMemory doesn't match image C:\Users\adama\Documents\GitHub\VR-Game-SWP\Game\Library\PackageCache\com.unity.visualscripting@1.6.1\Editor\VisualScripting.Core\Dependencies\DotNetZip\Unity.VisualScripting.IonicZip.dll
Symbol file LoadedFromMemory doesn't match image C:\Users\adama\Documents\GitHub\VR-Game-SWP\Game\Library\PackageCache\com.unity.visualscripting@1.6.1\Editor\VisualScripting.Core\Dependencies\YamlDotNet\Unity.VisualScripting.YamlDotNet.dll
Native extension for WindowsStandalone target not found
Refreshing native plugins compatible for Editor in 5.12 ms, found 8 plugins.
Preloading 1 native plugins for Editor in 0.45 ms.
Mono: successfully reloaded assembly
- Completed reload, in 15.082 seconds
Domain Reload Profiling:
	ReloadAssembly (15083ms)
		BeginReloadAssembly (5197ms)
			ExecutionOrderSort (0ms)
			DisableScriptedObjects (17ms)
			BackupInstance (0ms)
			ReleaseScriptingObjects (0ms)
			CreateAndSetChildDomain (271ms)
		EndReloadAssembly (9136ms)
			LoadAssemblies (5305ms)
			RebuildTransferFunctionScriptingTraits (2ms)
			SetupTypeCache (4829ms)
			ReleaseScriptCaches (3ms)
			RebuildScriptCaches (245ms)
			SetupLoadedEditorAssemblies (2063ms)
				LogAssemblyErrors (0ms)
				InitializePlatformSupportModulesInManaged (15ms)
				SetLoadedEditorAssemblies (1ms)
				RefreshPlugins (6ms)
				BeforeProcessingInitializeOnLoad (273ms)
				ProcessInitializeOnLoadAttributes (1693ms)
				ProcessInitializeOnLoadMethodAttributes (44ms)
				AfterProcessingInitializeOnLoad (30ms)
				EditorAssembliesLoaded (2ms)
			ExecutionOrderSort2 (0ms)
			AwakeInstancesAfterBackupRestoration (28ms)
Platform modules already initialized, skipping
Switching build target platform(19) subTarget(0) extendedPlatform(0) -> platform(13) subTarget(524288) extendedPlatform(0)
Shader 'Oculus/OVRMRCameraFrameLit': fallback shader 'Alpha-Diffuse' not found
Refreshing native plugins compatible for Editor in 11.29 ms, found 8 plugins.
Preloading 1 native plugins for Editor in 0.48 ms.
Unloading 4757 Unused Serialized files (Serialized files now loaded: 0)
System memory in use before: 211.2 MB.
System memory in use after: 211.5 MB.

Unloading 46 unused Assets to reduce memory usage. Loaded Objects now: 5293.
Total: 215.812800 ms (FindLiveObjects: 81.244300 ms CreateObjectMapping: 21.010600 ms MarkObjects: 113.461700 ms  DeleteObjects: 0.092000 ms)

AssetImportParameters requested are different than current active one (requested -> active):
  custom:framework-win-MediaFoundation: 216162199b28c13a410421893ffa2e32 -> 
  custom:video-decoder-ogg-theora: a1e56fd34408186e4bbccfd4996cb3dc -> 
  custom:container-muxer-webm: aa71ff27fc2769a1b78a27578f13a17b -> 
  custom:container-demuxer-webm: 4f35f7cbe854078d1ac9338744f61a02 -> 
  custom:container-demuxer-ogg: 62fdf1f143b41e24485cea50d1cbac27 -> 
  custom:video-encoder-webm-vp8: eb34c28f22e8b96e1ab97ce403110664 -> 
  custom:video-decoder-webm-vp8: 9c59270c3fd7afecdb556c50c9e8de78 -> 
  custom:graphics/normal-map-encoding: 01000000000000000000000000000000 -> 02000000000000000000000000000000
  custom:audio-decoder-ogg-vorbis: bf7c407c2cedff20999df2af8eb42d56 -> 
  custom:audio-encoder-webm-vorbis: bf7c407c2cedff20999df2af8eb42d56 -> 
========================================================================
Received Prepare
Registering precompiled user dll's ...
Registered in 0.067069 seconds.
Begin MonoManager ReloadAssembly
Symbol file LoadedFromMemory doesn't match image C:\Users\adama\Documents\GitHub\VR-Game-SWP\Game\Library\PackageCache\com.unity.visualscripting@1.6.1\Editor\VisualScripting.Core\Dependencies\DotNetZip\Unity.VisualScripting.IonicZip.dll
Symbol file LoadedFromMemory doesn't match image C:\Users\adama\Documents\GitHub\VR-Game-SWP\Game\Library\PackageCache\com.unity.visualscripting@1.6.1\Editor\VisualScripting.Core\Dependencies\YamlDotNet\Unity.VisualScripting.YamlDotNet.dll
Native extension for WindowsStandalone target not found
Refreshing native plugins compatible for Editor in 3.97 ms, found 8 plugins.
Preloading 1 native plugins for Editor in 0.18 ms.
Mono: successfully reloaded assembly
- Completed reload, in  6.952 seconds
Domain Reload Profiling:
	ReloadAssembly (6953ms)
		BeginReloadAssembly (424ms)
			ExecutionOrderSort (0ms)
			DisableScriptedObjects (14ms)
			BackupInstance (0ms)
			ReleaseScriptingObjects (0ms)
			CreateAndSetChildDomain (142ms)
		EndReloadAssembly (6279ms)
			LoadAssemblies (329ms)
			RebuildTransferFunctionScriptingTraits (0ms)
			SetupTypeCache (3737ms)
			ReleaseScriptCaches (4ms)
			RebuildScriptCaches (205ms)
			SetupLoadedEditorAssemblies (1517ms)
				LogAssemblyErrors (0ms)
				InitializePlatformSupportModulesInManaged (24ms)
				SetLoadedEditorAssemblies (1ms)
				RefreshPlugins (4ms)
				BeforeProcessingInitializeOnLoad (225ms)
				ProcessInitializeOnLoadAttributes (1207ms)
				ProcessInitializeOnLoadMethodAttributes (26ms)
				AfterProcessingInitializeOnLoad (30ms)
				EditorAssembliesLoaded (0ms)
			ExecutionOrderSort2 (0ms)
			AwakeInstancesAfterBackupRestoration (21ms)
Platform modules already initialized, skipping
Switching build target platform(19) subTarget(0) extendedPlatform(0) -> platform(13) subTarget(524288) extendedPlatform(0)
Shader 'Oculus/OVRMRCameraFrameLit': fallback shader 'Alpha-Diffuse' not found
Refreshing native plugins compatible for Editor in 7.42 ms, found 8 plugins.
Preloading 1 native plugins for Editor in 0.64 ms.
Unloading 4757 Unused Serialized files (Serialized files now loaded: 0)
System memory in use before: 211.2 MB.
System memory in use after: 211.5 MB.

Unloading 46 unused Assets to reduce memory usage. Loaded Objects now: 5296.
Total: 19.798100 ms (FindLiveObjects: 1.188000 ms CreateObjectMapping: 0.844200 ms MarkObjects: 17.593400 ms  DeleteObjects: 0.064400 ms)

AssetImportParameters requested are different than current active one (requested -> active):
  custom:framework-win-MediaFoundation: 216162199b28c13a410421893ffa2e32 -> 
  custom:video-decoder-ogg-theora: a1e56fd34408186e4bbccfd4996cb3dc -> 
  custom:container-muxer-webm: aa71ff27fc2769a1b78a27578f13a17b -> 
  custom:container-demuxer-webm: 4f35f7cbe854078d1ac9338744f61a02 -> 
  custom:container-demuxer-ogg: 62fdf1f143b41e24485cea50d1cbac27 -> 
  custom:video-encoder-webm-vp8: eb34c28f22e8b96e1ab97ce403110664 -> 
  custom:video-decoder-webm-vp8: 9c59270c3fd7afecdb556c50c9e8de78 -> 
  custom:graphics/normal-map-encoding: 01000000000000000000000000000000 -> 02000000000000000000000000000000
  custom:audio-decoder-ogg-vorbis: bf7c407c2cedff20999df2af8eb42d56 -> 
  custom:audio-encoder-webm-vorbis: bf7c407c2cedff20999df2af8eb42d56 -> 
========================================================================
Received Prepare
Registering precompiled user dll's ...
Registered in 0.126140 seconds.
Begin MonoManager ReloadAssembly
Symbol file LoadedFromMemory doesn't match image C:\Users\adama\Documents\GitHub\VR-Game-SWP\Game\Library\PackageCache\com.unity.visualscripting@1.6.1\Editor\VisualScripting.Core\Dependencies\DotNetZip\Unity.VisualScripting.IonicZip.dll
Symbol file LoadedFromMemory doesn't match image C:\Users\adama\Documents\GitHub\VR-Game-SWP\Game\Library\PackageCache\com.unity.visualscripting@1.6.1\Editor\VisualScripting.Core\Dependencies\YamlDotNet\Unity.VisualScripting.YamlDotNet.dll
Native extension for WindowsStandalone target not found
Refreshing native plugins compatible for Editor in 6.16 ms, found 8 plugins.
Preloading 1 native plugins for Editor in 0.23 ms.
Mono: successfully reloaded assembly
- Completed reload, in 12.216 seconds
Domain Reload Profiling:
	ReloadAssembly (12217ms)
		BeginReloadAssembly (427ms)
			ExecutionOrderSort (0ms)
			DisableScriptedObjects (15ms)
			BackupInstance (0ms)
			ReleaseScriptingObjects (0ms)
			CreateAndSetChildDomain (142ms)
		EndReloadAssembly (11512ms)
			LoadAssemblies (3072ms)
			RebuildTransferFunctionScriptingTraits (0ms)
			SetupTypeCache (4666ms)
			ReleaseScriptCaches (4ms)
			RebuildScriptCaches (216ms)
			SetupLoadedEditorAssemblies (2447ms)
				LogAssemblyErrors (0ms)
				InitializePlatformSupportModulesInManaged (21ms)
				SetLoadedEditorAssemblies (2ms)
				RefreshPlugins (7ms)
				BeforeProcessingInitializeOnLoad (649ms)
				ProcessInitializeOnLoadAttributes (1709ms)
				ProcessInitializeOnLoadMethodAttributes (33ms)
				AfterProcessingInitializeOnLoad (25ms)
				EditorAssembliesLoaded (1ms)
			ExecutionOrderSort2 (0ms)
			AwakeInstancesAfterBackupRestoration (18ms)
Platform modules already initialized, skipping
Switching build target platform(19) subTarget(0) extendedPlatform(0) -> platform(13) subTarget(524288) extendedPlatform(0)
Shader 'Oculus/OVRMRCameraFrameLit': fallback shader 'Alpha-Diffuse' not found
Refreshing native plugins compatible for Editor in 44.36 ms, found 8 plugins.
Preloading 1 native plugins for Editor in 0.48 ms.
Unloading 4757 Unused Serialized files (Serialized files now loaded: 0)
System memory in use before: 211.1 MB.
System memory in use after: 211.3 MB.

Unloading 46 unused Assets to reduce memory usage. Loaded Objects now: 5299.
Total: 59.560000 ms (FindLiveObjects: 42.832700 ms CreateObjectMapping: 1.507300 ms MarkObjects: 15.128700 ms  DeleteObjects: 0.086400 ms)

AssetImportParameters requested are different than current active one (requested -> active):
  custom:framework-win-MediaFoundation: 216162199b28c13a410421893ffa2e32 -> 
  custom:video-decoder-ogg-theora: a1e56fd34408186e4bbccfd4996cb3dc -> 
  custom:container-muxer-webm: aa71ff27fc2769a1b78a27578f13a17b -> 
  custom:container-demuxer-webm: 4f35f7cbe854078d1ac9338744f61a02 -> 
  custom:container-demuxer-ogg: 62fdf1f143b41e24485cea50d1cbac27 -> 
  custom:video-encoder-webm-vp8: eb34c28f22e8b96e1ab97ce403110664 -> 
  custom:video-decoder-webm-vp8: 9c59270c3fd7afecdb556c50c9e8de78 -> 
  custom:graphics/normal-map-encoding: 01000000000000000000000000000000 -> 02000000000000000000000000000000
  custom:audio-decoder-ogg-vorbis: bf7c407c2cedff20999df2af8eb42d56 -> 
  custom:audio-encoder-webm-vorbis: bf7c407c2cedff20999df2af8eb42d56 -> 
========================================================================
Received Prepare
Registering precompiled user dll's ...
Registered in 0.239130 seconds.
Begin MonoManager ReloadAssembly
Symbol file LoadedFromMemory doesn't match image C:\Users\adama\Documents\GitHub\VR-Game-SWP\Game\Library\PackageCache\com.unity.visualscripting@1.6.1\Editor\VisualScripting.Core\Dependencies\DotNetZip\Unity.VisualScripting.IonicZip.dll
Symbol file LoadedFromMemory doesn't match image C:\Users\adama\Documents\GitHub\VR-Game-SWP\Game\Library\PackageCache\com.unity.visualscripting@1.6.1\Editor\VisualScripting.Core\Dependencies\YamlDotNet\Unity.VisualScripting.YamlDotNet.dll
Native extension for WindowsStandalone target not found
Refreshing native plugins compatible for Editor in 6.58 ms, found 8 plugins.
Preloading 1 native plugins for Editor in 0.50 ms.
Mono: successfully reloaded assembly
- Completed reload, in  4.693 seconds
Domain Reload Profiling:
	ReloadAssembly (4695ms)
		BeginReloadAssembly (530ms)
			ExecutionOrderSort (0ms)
			DisableScriptedObjects (14ms)
			BackupInstance (0ms)
			ReleaseScriptingObjects (1ms)
			CreateAndSetChildDomain (203ms)
		EndReloadAssembly (3915ms)
			LoadAssemblies (450ms)
			RebuildTransferFunctionScriptingTraits (0ms)
			SetupTypeCache (1408ms)
			ReleaseScriptCaches (3ms)
			RebuildScriptCaches (132ms)
			SetupLoadedEditorAssemblies (1451ms)
				LogAssemblyErrors (0ms)
				InitializePlatformSupportModulesInManaged (20ms)
				SetLoadedEditorAssemblies (4ms)
				RefreshPlugins (8ms)
				BeforeProcessingInitializeOnLoad (214ms)
				ProcessInitializeOnLoadAttributes (1151ms)
				ProcessInitializeOnLoadMethodAttributes (31ms)
				AfterProcessingInitializeOnLoad (24ms)
				EditorAssembliesLoaded (0ms)
			ExecutionOrderSort2 (0ms)
			AwakeInstancesAfterBackupRestoration (21ms)
Platform modules already initialized, skipping
Switching build target platform(19) subTarget(0) extendedPlatform(0) -> platform(13) subTarget(524288) extendedPlatform(0)
Shader 'Oculus/OVRMRCameraFrameLit': fallback shader 'Alpha-Diffuse' not found
Refreshing native plugins compatible for Editor in 106.02 ms, found 8 plugins.
Preloading 1 native plugins for Editor in 2.68 ms.
Unloading 4757 Unused Serialized files (Serialized files now loaded: 0)
System memory in use before: 211.3 MB.
System memory in use after: 211.5 MB.

Unloading 46 unused Assets to reduce memory usage. Loaded Objects now: 5302.
Total: 32.318100 ms (FindLiveObjects: 2.918300 ms CreateObjectMapping: 3.435400 ms MarkObjects: 25.850400 ms  DeleteObjects: 0.110900 ms)

AssetImportParameters requested are different than current active one (requested -> active):
  custom:framework-win-MediaFoundation: 216162199b28c13a410421893ffa2e32 -> 
  custom:video-decoder-ogg-theora: a1e56fd34408186e4bbccfd4996cb3dc -> 
  custom:container-muxer-webm: aa71ff27fc2769a1b78a27578f13a17b -> 
  custom:container-demuxer-webm: 4f35f7cbe854078d1ac9338744f61a02 -> 
  custom:container-demuxer-ogg: 62fdf1f143b41e24485cea50d1cbac27 -> 
  custom:video-encoder-webm-vp8: eb34c28f22e8b96e1ab97ce403110664 -> 
  custom:video-decoder-webm-vp8: 9c59270c3fd7afecdb556c50c9e8de78 -> 
  custom:graphics/normal-map-encoding: 01000000000000000000000000000000 -> 02000000000000000000000000000000
  custom:audio-decoder-ogg-vorbis: bf7c407c2cedff20999df2af8eb42d56 -> 
  custom:audio-encoder-webm-vorbis: bf7c407c2cedff20999df2af8eb42d56 -> 
========================================================================
Received Prepare
Registering precompiled user dll's ...
Registered in 0.030431 seconds.
Begin MonoManager ReloadAssembly
Symbol file LoadedFromMemory doesn't match image C:\Users\adama\Documents\GitHub\VR-Game-SWP\Game\Library\PackageCache\com.unity.visualscripting@1.6.1\Editor\VisualScripting.Core\Dependencies\DotNetZip\Unity.VisualScripting.IonicZip.dll
Symbol file LoadedFromMemory doesn't match image C:\Users\adama\Documents\GitHub\VR-Game-SWP\Game\Library\PackageCache\com.unity.visualscripting@1.6.1\Editor\VisualScripting.Core\Dependencies\YamlDotNet\Unity.VisualScripting.YamlDotNet.dll
Native extension for WindowsStandalone target not found
Refreshing native plugins compatible for Editor in 3.57 ms, found 8 plugins.
Preloading 1 native plugins for Editor in 0.22 ms.
Mono: successfully reloaded assembly
- Completed reload, in  7.479 seconds
Domain Reload Profiling:
	ReloadAssembly (7480ms)
		BeginReloadAssembly (465ms)
			ExecutionOrderSort (0ms)
			DisableScriptedObjects (17ms)
			BackupInstance (0ms)
			ReleaseScriptingObjects (0ms)
			CreateAndSetChildDomain (97ms)
		EndReloadAssembly (6811ms)
			LoadAssemblies (429ms)
			RebuildTransferFunctionScriptingTraits (0ms)
			SetupTypeCache (4005ms)
			ReleaseScriptCaches (12ms)
			RebuildScriptCaches (257ms)
			SetupLoadedEditorAssemblies (1702ms)
				LogAssemblyErrors (0ms)
				InitializePlatformSupportModulesInManaged (12ms)
				SetLoadedEditorAssemblies (1ms)
				RefreshPlugins (4ms)
				BeforeProcessingInitializeOnLoad (343ms)
				ProcessInitializeOnLoadAttributes (1310ms)
				ProcessInitializeOnLoadMethodAttributes (15ms)
				AfterProcessingInitializeOnLoad (16ms)
				EditorAssembliesLoaded (0ms)
			ExecutionOrderSort2 (0ms)
			AwakeInstancesAfterBackupRestoration (16ms)
Platform modules already initialized, skipping
Switching build target platform(19) subTarget(0) extendedPlatform(0) -> platform(13) subTarget(524288) extendedPlatform(0)
Shader 'Oculus/OVRMRCameraFrameLit': fallback shader 'Alpha-Diffuse' not found
Refreshing native plugins compatible for Editor in 2.56 ms, found 8 plugins.
Preloading 1 native plugins for Editor in 0.19 ms.
Unloading 4757 Unused Serialized files (Serialized files now loaded: 0)
System memory in use before: 211.3 MB.
System memory in use after: 211.5 MB.

Unloading 46 unused Assets to reduce memory usage. Loaded Objects now: 5305.
Total: 8.557700 ms (FindLiveObjects: 0.763800 ms CreateObjectMapping: 0.587700 ms MarkObjects: 7.138600 ms  DeleteObjects: 0.065200 ms)

AssetImportParameters requested are different than current active one (requested -> active):
  custom:framework-win-MediaFoundation: 216162199b28c13a410421893ffa2e32 -> 
  custom:video-decoder-ogg-theora: a1e56fd34408186e4bbccfd4996cb3dc -> 
  custom:container-muxer-webm: aa71ff27fc2769a1b78a27578f13a17b -> 
  custom:container-demuxer-webm: 4f35f7cbe854078d1ac9338744f61a02 -> 
  custom:container-demuxer-ogg: 62fdf1f143b41e24485cea50d1cbac27 -> 
  custom:video-encoder-webm-vp8: eb34c28f22e8b96e1ab97ce403110664 -> 
  custom:video-decoder-webm-vp8: 9c59270c3fd7afecdb556c50c9e8de78 -> 
  custom:graphics/normal-map-encoding: 01000000000000000000000000000000 -> 02000000000000000000000000000000
  custom:audio-decoder-ogg-vorbis: bf7c407c2cedff20999df2af8eb42d56 -> 
  custom:audio-encoder-webm-vorbis: bf7c407c2cedff20999df2af8eb42d56 -> 
========================================================================
Received Prepare
Registering precompiled user dll's ...
Registered in 0.046669 seconds.
Begin MonoManager ReloadAssembly
Symbol file LoadedFromMemory doesn't match image C:\Users\adama\Documents\GitHub\VR-Game-SWP\Game\Library\PackageCache\com.unity.visualscripting@1.6.1\Editor\VisualScripting.Core\Dependencies\DotNetZip\Unity.VisualScripting.IonicZip.dll
Symbol file LoadedFromMemory doesn't match image C:\Users\adama\Documents\GitHub\VR-Game-SWP\Game\Library\PackageCache\com.unity.visualscripting@1.6.1\Editor\VisualScripting.Core\Dependencies\YamlDotNet\Unity.VisualScripting.YamlDotNet.dll
Native extension for WindowsStandalone target not found
Refreshing native plugins compatible for Editor in 4.19 ms, found 8 plugins.
Preloading 1 native plugins for Editor in 0.20 ms.
Mono: successfully reloaded assembly
- Completed reload, in  5.504 seconds
Domain Reload Profiling:
	ReloadAssembly (5505ms)
		BeginReloadAssembly (328ms)
			ExecutionOrderSort (0ms)
			DisableScriptedObjects (24ms)
			BackupInstance (0ms)
			ReleaseScriptingObjects (0ms)
			CreateAndSetChildDomain (93ms)
		EndReloadAssembly (5017ms)
			LoadAssemblies (298ms)
			RebuildTransferFunctionScriptingTraits (0ms)
			SetupTypeCache (927ms)
			ReleaseScriptCaches (3ms)
			RebuildScriptCaches (111ms)
			SetupLoadedEditorAssemblies (994ms)
				LogAssemblyErrors (0ms)
				InitializePlatformSupportModulesInManaged (11ms)
				SetLoadedEditorAssemblies (1ms)
				RefreshPlugins (5ms)
				BeforeProcessingInitializeOnLoad (148ms)
				ProcessInitializeOnLoadAttributes (768ms)
				ProcessInitializeOnLoadMethodAttributes (16ms)
				AfterProcessingInitializeOnLoad (46ms)
				EditorAssembliesLoaded (1ms)
			ExecutionOrderSort2 (0ms)
			AwakeInstancesAfterBackupRestoration (32ms)
Platform modules already initialized, skipping
Switching build target platform(19) subTarget(0) extendedPlatform(0) -> platform(13) subTarget(524288) extendedPlatform(0)
Shader 'Oculus/OVRMRCameraFrameLit': fallback shader 'Alpha-Diffuse' not found
Refreshing native plugins compatible for Editor in 5.51 ms, found 8 plugins.
Preloading 1 native plugins for Editor in 0.22 ms.
Unloading 4757 Unused Serialized files (Serialized files now loaded: 0)
System memory in use before: 211.3 MB.
System memory in use after: 211.5 MB.

Unloading 46 unused Assets to reduce memory usage. Loaded Objects now: 5308.
Total: 10.995900 ms (FindLiveObjects: 0.943800 ms CreateObjectMapping: 0.669300 ms MarkObjects: 8.613000 ms  DeleteObjects: 0.766300 ms)

AssetImportParameters requested are different than current active one (requested -> active):
  custom:framework-win-MediaFoundation: 216162199b28c13a410421893ffa2e32 -> 
  custom:video-decoder-ogg-theora: a1e56fd34408186e4bbccfd4996cb3dc -> 
  custom:container-muxer-webm: aa71ff27fc2769a1b78a27578f13a17b -> 
  custom:container-demuxer-webm: 4f35f7cbe854078d1ac9338744f61a02 -> 
  custom:container-demuxer-ogg: 62fdf1f143b41e24485cea50d1cbac27 -> 
  custom:video-encoder-webm-vp8: eb34c28f22e8b96e1ab97ce403110664 -> 
  custom:video-decoder-webm-vp8: 9c59270c3fd7afecdb556c50c9e8de78 -> 
  custom:graphics/normal-map-encoding: 01000000000000000000000000000000 -> 02000000000000000000000000000000
  custom:audio-decoder-ogg-vorbis: bf7c407c2cedff20999df2af8eb42d56 -> 
  custom:audio-encoder-webm-vorbis: bf7c407c2cedff20999df2af8eb42d56 -> 
