Using pre-set license
Built from '2021.1/staging' branch; Version is '2021.1.21f1 (f2d5d3c59f8c) revision 15914451'; Using compiler version '192528614'; Build Type 'Release'
OS: 'Windows 10 Home; OS build 19044.2006; Version 2009; 64bit' Language: 'de' Physical Memory: 7843 MB
BatchMode: 1, IsHumanControllingUs: 0, StartBugReporterOnCrash: 0, Is64bit: 1, IsPro: 0

COMMAND LINE ARGUMENTS:
C:\Program Files\Unity\Hub\Editor\2021.1.21f1\Editor\Unity.exe
-adb2
-batchMode
-noUpm
-name
AssetImportWorker0
-projectPath
C:/Users/adama/Documents/GitHub/VR-Game-SWP/Game
-logFile
Logs/AssetImportWorker0.log
-srvPort
50313
Successfully changed project path to: C:/Users/adama/Documents/GitHub/VR-Game-SWP/Game
C:/Users/adama/Documents/GitHub/VR-Game-SWP/Game
Using Asset Import Pipeline V2.
Refreshing native plugins compatible for Editor in 287.45 ms, found 8 plugins.
Preloading 1 native plugins for Editor in 1.32 ms.
Initialize engine version: 2021.1.21f1 (f2d5d3c59f8c)
[Subsystems] Discovering subsystems at path C:/Program Files/Unity/Hub/Editor/2021.1.21f1/Editor/Data/Resources/UnitySubsystems
[Subsystems] Discovering subsystems at path C:/Users/adama/Documents/GitHub/VR-Game-SWP/Game/Assets
GfxDevice: creating device client; threaded=0; jobified=0
Direct3D:
    Version:  Direct3D 11.0 [level 11.1]
    Renderer: AMD Radeon(TM) Vega 3 Graphics (ID=0x15dd)
    Vendor:   ATI
    VRAM:     3921 MB
    Driver:   27.20.15002.8001
Shader 'Oculus/OVRMRCameraFrameLit': fallback shader 'Alpha-Diffuse' not found
Initialize mono
Mono path[0] = 'C:/Program Files/Unity/Hub/Editor/2021.1.21f1/Editor/Data/Managed'
Mono path[1] = 'C:/Program Files/Unity/Hub/Editor/2021.1.21f1/Editor/Data/MonoBleedingEdge/lib/mono/unityjit'
Mono config path = 'C:/Program Files/Unity/Hub/Editor/2021.1.21f1/Editor/Data/MonoBleedingEdge/etc'
Using monoOptions --debugger-agent=transport=dt_socket,embedding=1,server=y,suspend=n,address=127.0.0.1:56848
Begin MonoManager ReloadAssembly
Registering precompiled unity dll's ...
Register platform support module: C:/Program Files/Unity/Hub/Editor/2021.1.21f1/Editor/Data/PlaybackEngines/WindowsStandaloneSupport/UnityEditor.WindowsStandalone.Extensions.dll
Registered in 0.004833 seconds.
Native extension for WindowsStandalone target not found
Refreshing native plugins compatible for Editor in 360.24 ms, found 8 plugins.
Preloading 1 native plugins for Editor in 0.20 ms.
Mono: successfully reloaded assembly
- Completed reload, in  4.803 seconds
Domain Reload Profiling:
	ReloadAssembly (4803ms)
		BeginReloadAssembly (129ms)
			ExecutionOrderSort (0ms)
			DisableScriptedObjects (0ms)
			BackupInstance (0ms)
			ReleaseScriptingObjects (0ms)
			CreateAndSetChildDomain (2ms)
		EndReloadAssembly (1379ms)
			LoadAssemblies (121ms)
			RebuildTransferFunctionScriptingTraits (0ms)
			SetupTypeCache (353ms)
			ReleaseScriptCaches (0ms)
			RebuildScriptCaches (126ms)
			SetupLoadedEditorAssemblies (672ms)
				LogAssemblyErrors (0ms)
				InitializePlatformSupportModulesInManaged (15ms)
				SetLoadedEditorAssemblies (0ms)
				RefreshPlugins (361ms)
				BeforeProcessingInitializeOnLoad (2ms)
				ProcessInitializeOnLoadAttributes (230ms)
				ProcessInitializeOnLoadMethodAttributes (63ms)
				AfterProcessingInitializeOnLoad (0ms)
				EditorAssembliesLoaded (0ms)
			ExecutionOrderSort2 (0ms)
			AwakeInstancesAfterBackupRestoration (0ms)
Platform modules already initialized, skipping
Registering precompiled user dll's ...
Registered in 0.022177 seconds.
Begin MonoManager ReloadAssembly
Symbol file LoadedFromMemory doesn't match image C:\Users\adama\Documents\GitHub\VR-Game-SWP\Game\Library\PackageCache\com.unity.visualscripting@1.6.1\Editor\VisualScripting.Core\Dependencies\DotNetZip\Unity.VisualScripting.IonicZip.dll
Symbol file LoadedFromMemory doesn't match image C:\Users\adama\Documents\GitHub\VR-Game-SWP\Game\Library\PackageCache\com.unity.visualscripting@1.6.1\Editor\VisualScripting.Core\Dependencies\YamlDotNet\Unity.VisualScripting.YamlDotNet.dll
Native extension for WindowsStandalone target not found
Refreshing native plugins compatible for Editor in 256.87 ms, found 8 plugins.
Preloading 1 native plugins for Editor in 0.16 ms.
[XR] OculusXRPlugin: registering subsystems
[XR] Unable to register display lifecyle provider: [1]
[XR] Oculus Input lifecycle provider registered.
[XR] Unable to register input lifecyle provider: [1]
[XR] OVRP version 1.75.0
Mono: successfully reloaded assembly
- Completed reload, in  2.954 seconds
Domain Reload Profiling:
	ReloadAssembly (2955ms)
		BeginReloadAssembly (363ms)
			ExecutionOrderSort (0ms)
			DisableScriptedObjects (10ms)
			BackupInstance (0ms)
			ReleaseScriptingObjects (0ms)
			CreateAndSetChildDomain (39ms)
		EndReloadAssembly (2468ms)
			LoadAssemblies (220ms)
			RebuildTransferFunctionScriptingTraits (0ms)
			SetupTypeCache (761ms)
			ReleaseScriptCaches (1ms)
			RebuildScriptCaches (154ms)
			SetupLoadedEditorAssemblies (1146ms)
				LogAssemblyErrors (0ms)
				InitializePlatformSupportModulesInManaged (8ms)
				SetLoadedEditorAssemblies (0ms)
				RefreshPlugins (257ms)
				BeforeProcessingInitializeOnLoad (164ms)
				ProcessInitializeOnLoadAttributes (670ms)
				ProcessInitializeOnLoadMethodAttributes (28ms)
				AfterProcessingInitializeOnLoad (18ms)
				EditorAssembliesLoaded (1ms)
			ExecutionOrderSort2 (0ms)
			AwakeInstancesAfterBackupRestoration (12ms)
Platform modules already initialized, skipping
========================================================================
Worker process is ready to serve import requests
Shader 'Oculus/OVRMRCameraFrameLit': fallback shader 'Alpha-Diffuse' not found
Launched and connected shader compiler UnityShaderCompiler.exe after 0.10 seconds
Refreshing native plugins compatible for Editor in 2.60 ms, found 8 plugins.
Preloading 1 native plugins for Editor in 0.25 ms.
Unloading 4846 Unused Serialized files (Serialized files now loaded: 0)
System memory in use before: 198.1 MB.
System memory in use after: 198.3 MB.

Unloading 53 unused Assets to reduce memory usage. Loaded Objects now: 5275.
Total: 6.027600 ms (FindLiveObjects: 0.572800 ms CreateObjectMapping: 0.195400 ms MarkObjects: 5.141600 ms  DeleteObjects: 0.115800 ms)

AssetImportParameters requested are different than current active one (requested -> active):
  custom:framework-win-MediaFoundation: 216162199b28c13a410421893ffa2e32 -> 
  custom:video-decoder-ogg-theora: a1e56fd34408186e4bbccfd4996cb3dc -> 
  custom:container-muxer-webm: aa71ff27fc2769a1b78a27578f13a17b -> 
  custom:container-demuxer-webm: 4f35f7cbe854078d1ac9338744f61a02 -> 
  custom:container-demuxer-ogg: 62fdf1f143b41e24485cea50d1cbac27 -> 
  custom:video-encoder-webm-vp8: eb34c28f22e8b96e1ab97ce403110664 -> 
  custom:video-decoder-webm-vp8: 9c59270c3fd7afecdb556c50c9e8de78 -> 
  custom:audio-decoder-ogg-vorbis: bf7c407c2cedff20999df2af8eb42d56 -> 
  custom:audio-encoder-webm-vorbis: bf7c407c2cedff20999df2af8eb42d56 -> 
========================================================================
Received Import Request.
  path: Assets/OpenScene.cs
  artifactKey: Guid(41e426b0b84eaf149b8434e370953b2f) Importer(815301076,1909f56bfc062723c751e8b465ee728b)
Start importing Assets/OpenScene.cs using Guid(41e426b0b84eaf149b8434e370953b2f) Importer(815301076,1909f56bfc062723c751e8b465ee728b)  -> (artifact id: 'bf92749faf3fe62ab767e81a377c4d61') in 0.059334 seconds 
========================================================================
Received Prepare
Registering precompiled user dll's ...
Registered in 0.030368 seconds.
Begin MonoManager ReloadAssembly
Symbol file LoadedFromMemory doesn't match image C:\Users\adama\Documents\GitHub\VR-Game-SWP\Game\Library\PackageCache\com.unity.visualscripting@1.6.1\Editor\VisualScripting.Core\Dependencies\DotNetZip\Unity.VisualScripting.IonicZip.dll
Symbol file LoadedFromMemory doesn't match image C:\Users\adama\Documents\GitHub\VR-Game-SWP\Game\Library\PackageCache\com.unity.visualscripting@1.6.1\Editor\VisualScripting.Core\Dependencies\YamlDotNet\Unity.VisualScripting.YamlDotNet.dll
Native extension for WindowsStandalone target not found
Refreshing native plugins compatible for Editor in 3.93 ms, found 8 plugins.
Preloading 1 native plugins for Editor in 0.42 ms.
Mono: successfully reloaded assembly
- Completed reload, in  5.560 seconds
Domain Reload Profiling:
	ReloadAssembly (5561ms)
		BeginReloadAssembly (1107ms)
			ExecutionOrderSort (0ms)
			DisableScriptedObjects (13ms)
			BackupInstance (0ms)
			ReleaseScriptingObjects (0ms)
			CreateAndSetChildDomain (404ms)
		EndReloadAssembly (3943ms)
			LoadAssemblies (973ms)
			RebuildTransferFunctionScriptingTraits (0ms)
			SetupTypeCache (1416ms)
			ReleaseScriptCaches (3ms)
			RebuildScriptCaches (172ms)
			SetupLoadedEditorAssemblies (1377ms)
				LogAssemblyErrors (0ms)
				InitializePlatformSupportModulesInManaged (13ms)
				SetLoadedEditorAssemblies (2ms)
				RefreshPlugins (5ms)
				BeforeProcessingInitializeOnLoad (253ms)
				ProcessInitializeOnLoadAttributes (1026ms)
				ProcessInitializeOnLoadMethodAttributes (46ms)
				AfterProcessingInitializeOnLoad (32ms)
				EditorAssembliesLoaded (1ms)
			ExecutionOrderSort2 (0ms)
			AwakeInstancesAfterBackupRestoration (24ms)
Platform modules already initialized, skipping
Switching build target platform(19) subTarget(0) extendedPlatform(0) -> platform(13) subTarget(524288) extendedPlatform(0)
Shader 'Oculus/OVRMRCameraFrameLit': fallback shader 'Alpha-Diffuse' not found
Refreshing native plugins compatible for Editor in 6.20 ms, found 8 plugins.
Preloading 1 native plugins for Editor in 0.49 ms.
Unloading 4756 Unused Serialized files (Serialized files now loaded: 0)
System memory in use before: 185.9 MB.
System memory in use after: 186.1 MB.

Unloading 46 unused Assets to reduce memory usage. Loaded Objects now: 5278.
Total: 18.721500 ms (FindLiveObjects: 1.859900 ms CreateObjectMapping: 1.905400 ms MarkObjects: 14.813700 ms  DeleteObjects: 0.132700 ms)

AssetImportParameters requested are different than current active one (requested -> active):
  custom:framework-win-MediaFoundation: 216162199b28c13a410421893ffa2e32 -> 
  custom:video-decoder-ogg-theora: a1e56fd34408186e4bbccfd4996cb3dc -> 
  custom:container-muxer-webm: aa71ff27fc2769a1b78a27578f13a17b -> 
  custom:container-demuxer-webm: 4f35f7cbe854078d1ac9338744f61a02 -> 
  custom:container-demuxer-ogg: 62fdf1f143b41e24485cea50d1cbac27 -> 
  custom:video-encoder-webm-vp8: eb34c28f22e8b96e1ab97ce403110664 -> 
  custom:video-decoder-webm-vp8: 9c59270c3fd7afecdb556c50c9e8de78 -> 
  custom:graphics/normal-map-encoding: 01000000000000000000000000000000 -> 02000000000000000000000000000000
  custom:audio-decoder-ogg-vorbis: bf7c407c2cedff20999df2af8eb42d56 -> 
  custom:audio-encoder-webm-vorbis: bf7c407c2cedff20999df2af8eb42d56 -> 
========================================================================
Received Prepare
Registering precompiled user dll's ...
Registered in 0.111618 seconds.
Begin MonoManager ReloadAssembly
Symbol file LoadedFromMemory doesn't match image C:\Users\adama\Documents\GitHub\VR-Game-SWP\Game\Library\PackageCache\com.unity.visualscripting@1.6.1\Editor\VisualScripting.Core\Dependencies\DotNetZip\Unity.VisualScripting.IonicZip.dll
Symbol file LoadedFromMemory doesn't match image C:\Users\adama\Documents\GitHub\VR-Game-SWP\Game\Library\PackageCache\com.unity.visualscripting@1.6.1\Editor\VisualScripting.Core\Dependencies\YamlDotNet\Unity.VisualScripting.YamlDotNet.dll
Native extension for WindowsStandalone target not found
Refreshing native plugins compatible for Editor in 8.53 ms, found 8 plugins.
Preloading 1 native plugins for Editor in 0.23 ms.
Mono: successfully reloaded assembly
- Completed reload, in 11.250 seconds
Domain Reload Profiling:
	ReloadAssembly (11254ms)
		BeginReloadAssembly (1051ms)
			ExecutionOrderSort (0ms)
			DisableScriptedObjects (31ms)
			BackupInstance (0ms)
			ReleaseScriptingObjects (3ms)
			CreateAndSetChildDomain (324ms)
		EndReloadAssembly (9646ms)
			LoadAssemblies (1397ms)
			RebuildTransferFunctionScriptingTraits (0ms)
			SetupTypeCache (3206ms)
			ReleaseScriptCaches (10ms)
			RebuildScriptCaches (2616ms)
			SetupLoadedEditorAssemblies (1512ms)
				LogAssemblyErrors (0ms)
				InitializePlatformSupportModulesInManaged (18ms)
				SetLoadedEditorAssemblies (1ms)
				RefreshPlugins (9ms)
				BeforeProcessingInitializeOnLoad (320ms)
				ProcessInitializeOnLoadAttributes (1099ms)
				ProcessInitializeOnLoadMethodAttributes (34ms)
				AfterProcessingInitializeOnLoad (31ms)
				EditorAssembliesLoaded (0ms)
			ExecutionOrderSort2 (0ms)
			AwakeInstancesAfterBackupRestoration (23ms)
Platform modules already initialized, skipping
Switching build target platform(19) subTarget(0) extendedPlatform(0) -> platform(13) subTarget(524288) extendedPlatform(0)
Shader 'Oculus/OVRMRCameraFrameLit': fallback shader 'Alpha-Diffuse' not found
Refreshing native plugins compatible for Editor in 4.82 ms, found 8 plugins.
Preloading 1 native plugins for Editor in 0.30 ms.
Unloading 4756 Unused Serialized files (Serialized files now loaded: 0)
System memory in use before: 185.9 MB.
System memory in use after: 186.2 MB.

Unloading 46 unused Assets to reduce memory usage. Loaded Objects now: 5281.
Total: 14.004200 ms (FindLiveObjects: 2.912400 ms CreateObjectMapping: 0.819500 ms MarkObjects: 10.165600 ms  DeleteObjects: 0.100900 ms)

AssetImportParameters requested are different than current active one (requested -> active):
  custom:framework-win-MediaFoundation: 216162199b28c13a410421893ffa2e32 -> 
  custom:video-decoder-ogg-theora: a1e56fd34408186e4bbccfd4996cb3dc -> 
  custom:container-muxer-webm: aa71ff27fc2769a1b78a27578f13a17b -> 
  custom:container-demuxer-webm: 4f35f7cbe854078d1ac9338744f61a02 -> 
  custom:container-demuxer-ogg: 62fdf1f143b41e24485cea50d1cbac27 -> 
  custom:video-encoder-webm-vp8: eb34c28f22e8b96e1ab97ce403110664 -> 
  custom:video-decoder-webm-vp8: 9c59270c3fd7afecdb556c50c9e8de78 -> 
  custom:graphics/normal-map-encoding: 01000000000000000000000000000000 -> 02000000000000000000000000000000
  custom:audio-decoder-ogg-vorbis: bf7c407c2cedff20999df2af8eb42d56 -> 
  custom:audio-encoder-webm-vorbis: bf7c407c2cedff20999df2af8eb42d56 -> 
========================================================================
Received Import Request.
  Time since last request: 544.278792 seconds.
  path: Assets/OpenScene.cs
  artifactKey: Guid(41e426b0b84eaf149b8434e370953b2f) Importer(815301076,1909f56bfc062723c751e8b465ee728b)
Start importing Assets/OpenScene.cs using Guid(41e426b0b84eaf149b8434e370953b2f) Importer(815301076,1909f56bfc062723c751e8b465ee728b)  -> (artifact id: '6ae26083d9de66396de8685e01e1824b') in 0.039658 seconds 
========================================================================
Received Import Request.
  Time since last request: 33.966113 seconds.
  path: Assets/MenuButtons.cs
  artifactKey: Guid(41e426b0b84eaf149b8434e370953b2f) Importer(815301076,1909f56bfc062723c751e8b465ee728b)
Start importing Assets/MenuButtons.cs using Guid(41e426b0b84eaf149b8434e370953b2f) Importer(815301076,1909f56bfc062723c751e8b465ee728b)  -> (artifact id: 'b4ced5ffa499cab65bc2bd7350ec0e8d') in 0.022070 seconds 
========================================================================
Received Prepare
Registering precompiled user dll's ...
Registered in 0.021152 seconds.
Begin MonoManager ReloadAssembly
Symbol file LoadedFromMemory doesn't match image C:\Users\adama\Documents\GitHub\VR-Game-SWP\Game\Library\PackageCache\com.unity.visualscripting@1.6.1\Editor\VisualScripting.Core\Dependencies\DotNetZip\Unity.VisualScripting.IonicZip.dll
Symbol file LoadedFromMemory doesn't match image C:\Users\adama\Documents\GitHub\VR-Game-SWP\Game\Library\PackageCache\com.unity.visualscripting@1.6.1\Editor\VisualScripting.Core\Dependencies\YamlDotNet\Unity.VisualScripting.YamlDotNet.dll
Native extension for WindowsStandalone target not found
Refreshing native plugins compatible for Editor in 2.59 ms, found 8 plugins.
Preloading 1 native plugins for Editor in 0.14 ms.
Mono: successfully reloaded assembly
- Completed reload, in  2.335 seconds
Domain Reload Profiling:
	ReloadAssembly (2335ms)
		BeginReloadAssembly (249ms)
			ExecutionOrderSort (0ms)
			DisableScriptedObjects (8ms)
			BackupInstance (0ms)
			ReleaseScriptingObjects (0ms)
			CreateAndSetChildDomain (73ms)
		EndReloadAssembly (1955ms)
			LoadAssemblies (207ms)
			RebuildTransferFunctionScriptingTraits (0ms)
			SetupTypeCache (745ms)
			ReleaseScriptCaches (2ms)
			RebuildScriptCaches (74ms)
			SetupLoadedEditorAssemblies (699ms)
				LogAssemblyErrors (0ms)
				InitializePlatformSupportModulesInManaged (7ms)
				SetLoadedEditorAssemblies (1ms)
				RefreshPlugins (3ms)
				BeforeProcessingInitializeOnLoad (113ms)
				ProcessInitializeOnLoadAttributes (540ms)
				ProcessInitializeOnLoadMethodAttributes (17ms)
				AfterProcessingInitializeOnLoad (18ms)
				EditorAssembliesLoaded (0ms)
			ExecutionOrderSort2 (0ms)
			AwakeInstancesAfterBackupRestoration (12ms)
Platform modules already initialized, skipping
Switching build target platform(19) subTarget(0) extendedPlatform(0) -> platform(13) subTarget(524288) extendedPlatform(0)
Shader 'Oculus/OVRMRCameraFrameLit': fallback shader 'Alpha-Diffuse' not found
Refreshing native plugins compatible for Editor in 4.68 ms, found 8 plugins.
Preloading 1 native plugins for Editor in 0.27 ms.
Unloading 4756 Unused Serialized files (Serialized files now loaded: 0)
System memory in use before: 186.0 MB.
System memory in use after: 186.3 MB.

Unloading 46 unused Assets to reduce memory usage. Loaded Objects now: 5284.
Total: 13.550600 ms (FindLiveObjects: 1.625500 ms CreateObjectMapping: 1.493900 ms MarkObjects: 10.384000 ms  DeleteObjects: 0.045400 ms)

AssetImportParameters requested are different than current active one (requested -> active):
  custom:framework-win-MediaFoundation: 216162199b28c13a410421893ffa2e32 -> 
  custom:video-decoder-ogg-theora: a1e56fd34408186e4bbccfd4996cb3dc -> 
  custom:container-muxer-webm: aa71ff27fc2769a1b78a27578f13a17b -> 
  custom:container-demuxer-webm: 4f35f7cbe854078d1ac9338744f61a02 -> 
  custom:container-demuxer-ogg: 62fdf1f143b41e24485cea50d1cbac27 -> 
  custom:video-encoder-webm-vp8: eb34c28f22e8b96e1ab97ce403110664 -> 
  custom:video-decoder-webm-vp8: 9c59270c3fd7afecdb556c50c9e8de78 -> 
  custom:graphics/normal-map-encoding: 01000000000000000000000000000000 -> 02000000000000000000000000000000
  custom:audio-decoder-ogg-vorbis: bf7c407c2cedff20999df2af8eb42d56 -> 
  custom:audio-encoder-webm-vorbis: bf7c407c2cedff20999df2af8eb42d56 -> 
========================================================================
Received Prepare
Registering precompiled user dll's ...
Registered in 0.150174 seconds.
Begin MonoManager ReloadAssembly
Symbol file LoadedFromMemory doesn't match image C:\Users\adama\Documents\GitHub\VR-Game-SWP\Game\Library\PackageCache\com.unity.visualscripting@1.6.1\Editor\VisualScripting.Core\Dependencies\DotNetZip\Unity.VisualScripting.IonicZip.dll
Symbol file LoadedFromMemory doesn't match image C:\Users\adama\Documents\GitHub\VR-Game-SWP\Game\Library\PackageCache\com.unity.visualscripting@1.6.1\Editor\VisualScripting.Core\Dependencies\YamlDotNet\Unity.VisualScripting.YamlDotNet.dll
Native extension for WindowsStandalone target not found
Refreshing native plugins compatible for Editor in 14.18 ms, found 8 plugins.
Preloading 1 native plugins for Editor in 1.33 ms.
Mono: successfully reloaded assembly
- Completed reload, in 21.236 seconds
Domain Reload Profiling:
	ReloadAssembly (21237ms)
		BeginReloadAssembly (4176ms)
			ExecutionOrderSort (0ms)
			DisableScriptedObjects (52ms)
			BackupInstance (0ms)
			ReleaseScriptingObjects (2343ms)
			CreateAndSetChildDomain (625ms)
		EndReloadAssembly (15618ms)
			LoadAssemblies (1891ms)
			RebuildTransferFunctionScriptingTraits (0ms)
			SetupTypeCache (4731ms)
			ReleaseScriptCaches (7ms)
			RebuildScriptCaches (921ms)
			SetupLoadedEditorAssemblies (6680ms)
				LogAssemblyErrors (0ms)
				InitializePlatformSupportModulesInManaged (109ms)
				SetLoadedEditorAssemblies (4ms)
				RefreshPlugins (17ms)
				BeforeProcessingInitializeOnLoad (532ms)
				ProcessInitializeOnLoadAttributes (5847ms)
				ProcessInitializeOnLoadMethodAttributes (97ms)
				AfterProcessingInitializeOnLoad (74ms)
				EditorAssembliesLoaded (1ms)
			ExecutionOrderSort2 (0ms)
			AwakeInstancesAfterBackupRestoration (54ms)
Platform modules already initialized, skipping
Switching build target platform(19) subTarget(0) extendedPlatform(0) -> platform(13) subTarget(524288) extendedPlatform(0)
Shader 'Oculus/OVRMRCameraFrameLit': fallback shader 'Alpha-Diffuse' not found
Refreshing native plugins compatible for Editor in 83.79 ms, found 8 plugins.
Preloading 1 native plugins for Editor in 0.33 ms.
Unloading 4756 Unused Serialized files (Serialized files now loaded: 0)
System memory in use before: 186.0 MB.
System memory in use after: 186.3 MB.

Unloading 46 unused Assets to reduce memory usage. Loaded Objects now: 5287.
Total: 43.570600 ms (FindLiveObjects: 2.268600 ms CreateObjectMapping: 1.472400 ms MarkObjects: 39.765200 ms  DeleteObjects: 0.061400 ms)

AssetImportParameters requested are different than current active one (requested -> active):
  custom:framework-win-MediaFoundation: 216162199b28c13a410421893ffa2e32 -> 
  custom:video-decoder-ogg-theora: a1e56fd34408186e4bbccfd4996cb3dc -> 
  custom:container-muxer-webm: aa71ff27fc2769a1b78a27578f13a17b -> 
  custom:container-demuxer-webm: 4f35f7cbe854078d1ac9338744f61a02 -> 
  custom:container-demuxer-ogg: 62fdf1f143b41e24485cea50d1cbac27 -> 
  custom:video-encoder-webm-vp8: eb34c28f22e8b96e1ab97ce403110664 -> 
  custom:video-decoder-webm-vp8: 9c59270c3fd7afecdb556c50c9e8de78 -> 
  custom:graphics/normal-map-encoding: 01000000000000000000000000000000 -> 02000000000000000000000000000000
  custom:audio-decoder-ogg-vorbis: bf7c407c2cedff20999df2af8eb42d56 -> 
  custom:audio-encoder-webm-vorbis: bf7c407c2cedff20999df2af8eb42d56 -> 
========================================================================
Received Import Request.
  Time since last request: 204.281590 seconds.
  path: Assets/Oculus/Interaction/Samples/Objects/Environment/Room/Models/SmallRoom.fbx
  artifactKey: Guid(78906942dba6db24ca155679a45f60ef) Importer(815301076,1909f56bfc062723c751e8b465ee728b)
Start importing Assets/Oculus/Interaction/Samples/Objects/Environment/Room/Models/SmallRoom.fbx using Guid(78906942dba6db24ca155679a45f60ef) Importer(815301076,1909f56bfc062723c751e8b465ee728b)  -> (artifact id: '2214efb391f358addefee705cce133e7') in 1.035095 seconds 
========================================================================
Received Import Request.
  Time since last request: 0.000420 seconds.
  path: Assets/MenuButtons.cs
  artifactKey: Guid(41e426b0b84eaf149b8434e370953b2f) Importer(815301076,1909f56bfc062723c751e8b465ee728b)
Start importing Assets/MenuButtons.cs using Guid(41e426b0b84eaf149b8434e370953b2f) Importer(815301076,1909f56bfc062723c751e8b465ee728b)  -> (artifact id: 'e8e30628a5e1f1bedd747339a3d77b25') in 0.028683 seconds 
========================================================================
Received Import Request.
  Time since last request: 0.000407 seconds.
  path: Assets/UIKits/Prefabs/RadialMenu/RadialMenu.prefab
  artifactKey: Guid(551f763e5bbe9a74992cfafce5827291) Importer(815301076,1909f56bfc062723c751e8b465ee728b)
Start importing Assets/UIKits/Prefabs/RadialMenu/RadialMenu.prefab using Guid(551f763e5bbe9a74992cfafce5827291) Importer(815301076,1909f56bfc062723c751e8b465ee728b)  -> (artifact id: '247a1efeaf2b72aa58bcab50cfe17e86') in 0.087840 seconds 
========================================================================
Received Import Request.
  Time since last request: 0.000421 seconds.
  path: Assets/Oculus/Voice/Demo/Prefabs/Environment.prefab
  artifactKey: Guid(0381539164984dc4ca193f001869c526) Importer(815301076,1909f56bfc062723c751e8b465ee728b)
Start importing Assets/Oculus/Voice/Demo/Prefabs/Environment.prefab using Guid(0381539164984dc4ca193f001869c526) Importer(815301076,1909f56bfc062723c751e8b465ee728b)  -> (artifact id: 'ffaf9318c417d8c861a116b3d4cb83c6') in 0.034396 seconds 
========================================================================
Received Import Request.
  Time since last request: 0.000341 seconds.
  path: Assets/UIKits/Prefabs/Menu/MenuMultipleLevels/SubMenu.prefab
  artifactKey: Guid(a49ddebd8a6a61040aeef635b3d2bb32) Importer(815301076,1909f56bfc062723c751e8b465ee728b)
Start importing Assets/UIKits/Prefabs/Menu/MenuMultipleLevels/SubMenu.prefab using Guid(a49ddebd8a6a61040aeef635b3d2bb32) Importer(815301076,1909f56bfc062723c751e8b465ee728b)  -> (artifact id: 'f7f700e90c4fec534d741002bf1131c8') in 0.044874 seconds 
========================================================================
Received Import Request.
  Time since last request: 0.000414 seconds.
  path: Assets/BNG Framework/Input/VRIF Default Input Actions.inputactions
  artifactKey: Guid(e39f4b35a6db18348b41eb0262520e69) Importer(815301076,1909f56bfc062723c751e8b465ee728b)
Start importing Assets/BNG Framework/Input/VRIF Default Input Actions.inputactions using Guid(e39f4b35a6db18348b41eb0262520e69) Importer(815301076,1909f56bfc062723c751e8b465ee728b)  -> (artifact id: '9ab4df863897c603cbc97f5d4d3c7fe5') in 0.039830 seconds 
========================================================================
Received Import Request.
  Time since last request: 0.000486 seconds.
  path: Assets/Oculus/SampleFramework/Usage/Passthrough/Materials/MenuBackground.mat
  artifactKey: Guid(cd0bb29d1f8a53e4b9356e3da1632421) Importer(815301076,1909f56bfc062723c751e8b465ee728b)
Start importing Assets/Oculus/SampleFramework/Usage/Passthrough/Materials/MenuBackground.mat using Guid(cd0bb29d1f8a53e4b9356e3da1632421) Importer(815301076,1909f56bfc062723c751e8b465ee728b)  -> (artifact id: 'd7f33805c769da3b3138deb18dfda446') in 0.324780 seconds 
========================================================================
Received Import Request.
  Time since last request: 0.015008 seconds.
  path: Assets/UIKits/Prefabs/Menu/MenuMultipleLevels/MenuTwoLevels.prefab
  artifactKey: Guid(06c51fd773429b2489111efa3dd7678c) Importer(815301076,1909f56bfc062723c751e8b465ee728b)
Start importing Assets/UIKits/Prefabs/Menu/MenuMultipleLevels/MenuTwoLevels.prefab using Guid(06c51fd773429b2489111efa3dd7678c) Importer(815301076,1909f56bfc062723c751e8b465ee728b)  -> (artifact id: '69268e46b55323d14044f1441f23c22a') in 0.048187 seconds 
========================================================================
Received Import Request.
  Time since last request: 0.000440 seconds.
  path: Assets/Oculus/Interaction/Samples/Objects/Environment/SmallRoom/Models/smallRoom.fbx
  artifactKey: Guid(f7c82b9ce28f07e4fa7f50280661a061) Importer(815301076,1909f56bfc062723c751e8b465ee728b)
Start importing Assets/Oculus/Interaction/Samples/Objects/Environment/SmallRoom/Models/smallRoom.fbx using Guid(f7c82b9ce28f07e4fa7f50280661a061) Importer(815301076,1909f56bfc062723c751e8b465ee728b)  -> (artifact id: '7fb7b37387675d69614937384969dca2') in 0.264124 seconds 
========================================================================
Received Import Request.
  Time since last request: 0.000367 seconds.
  path: Assets/BNG Framework/Prefabs/DebugMenu.prefab
  artifactKey: Guid(79d6eb9496d140a4c953d23ac9677d1c) Importer(815301076,1909f56bfc062723c751e8b465ee728b)
Start importing Assets/BNG Framework/Prefabs/DebugMenu.prefab using Guid(79d6eb9496d140a4c953d23ac9677d1c) Importer(815301076,1909f56bfc062723c751e8b465ee728b)  -> (artifact id: 'adbc30f2b8653fb0e06f87eb93542d72') in 0.064357 seconds 
========================================================================
Received Import Request.
  Time since last request: 0.000411 seconds.
  path: Assets/Oculus/Interaction/Runtime/Prefabs/Debug/ActiveStateDebugTreeNodeHorizontal.prefab
  artifactKey: Guid(bcb4af79d88c4af4a90fb6e19de13e70) Importer(815301076,1909f56bfc062723c751e8b465ee728b)
Start importing Assets/Oculus/Interaction/Runtime/Prefabs/Debug/ActiveStateDebugTreeNodeHorizontal.prefab using Guid(bcb4af79d88c4af4a90fb6e19de13e70) Importer(815301076,1909f56bfc062723c751e8b465ee728b)  -> (artifact id: '03ffb5e45f6d9b33f1be4e1a737134d7') in 0.055696 seconds 
========================================================================
Received Import Request.
  Time since last request: 0.000422 seconds.
  path: Assets/UIKits/Prefabs/Menu/MenuHorizontal-L1.prefab
  artifactKey: Guid(eb3c505f3f8f8454c88455dc92b35f70) Importer(815301076,1909f56bfc062723c751e8b465ee728b)
Start importing Assets/UIKits/Prefabs/Menu/MenuHorizontal-L1.prefab using Guid(eb3c505f3f8f8454c88455dc92b35f70) Importer(815301076,1909f56bfc062723c751e8b465ee728b)  -> (artifact id: '9a0c417476e23d7502bbf5045ae485a7') in 0.030991 seconds 
========================================================================
Received Import Request.
  Time since last request: 0.000372 seconds.
  path: Assets/Oculus/Interaction/Samples/Prefabs/OculusInteractionSamplesButtonMenu.prefab
  artifactKey: Guid(9fa307f5b777a3144a94cb355e43bf43) Importer(815301076,1909f56bfc062723c751e8b465ee728b)
Start importing Assets/Oculus/Interaction/Samples/Prefabs/OculusInteractionSamplesButtonMenu.prefab using Guid(9fa307f5b777a3144a94cb355e43bf43) Importer(815301076,1909f56bfc062723c751e8b465ee728b)  -> (artifact id: '486dde39ff34df38554b73c7b6501f81') in 0.397085 seconds 
========================================================================
Received Import Request.
  Time since last request: 0.000391 seconds.
  path: Assets/BNG Framework/Sounds/1911.aiff
  artifactKey: Guid(727ff3abbdb797f45b714a1795efc4e2) Importer(815301076,1909f56bfc062723c751e8b465ee728b)
Start importing Assets/BNG Framework/Sounds/1911.aiff using Guid(727ff3abbdb797f45b714a1795efc4e2) Importer(815301076,1909f56bfc062723c751e8b465ee728b)  -> (artifact id: '3ee4525434a9f6723473ab77e53d5aa0') in 0.269392 seconds 
========================================================================
Received Import Request.
  Time since last request: 0.000691 seconds.
  path: Assets/UIKits/Prefabs/Menu/MenuMultipleLevels/MenuThreeLevels.prefab
  artifactKey: Guid(73dceb9140559414f9ae57a3f7e7d635) Importer(815301076,1909f56bfc062723c751e8b465ee728b)
Start importing Assets/UIKits/Prefabs/Menu/MenuMultipleLevels/MenuThreeLevels.prefab using Guid(73dceb9140559414f9ae57a3f7e7d635) Importer(815301076,1909f56bfc062723c751e8b465ee728b)  -> (artifact id: '4dbb74aad1573c794214d984d510a012') in 0.076608 seconds 
========================================================================
Received Import Request.
  Time since last request: 0.001850 seconds.
  path: Assets/UIKits/Prefabs/Menu/MenuVertical.prefab
  artifactKey: Guid(27beee7d20f5c4e6d8f335d60b8d6f82) Importer(815301076,1909f56bfc062723c751e8b465ee728b)
Start importing Assets/UIKits/Prefabs/Menu/MenuVertical.prefab using Guid(27beee7d20f5c4e6d8f335d60b8d6f82) Importer(815301076,1909f56bfc062723c751e8b465ee728b)  -> (artifact id: 'bc54e5e18d1f9fc135cbc5c11293a9ad') in 0.055093 seconds 
========================================================================
Received Import Request.
  Time since last request: 0.002679 seconds.
  path: Assets/Oculus/Interaction/Runtime/Prefabs/Debug/ActiveStateDebugTreeNodeVertical.prefab
  artifactKey: Guid(e1bdcfaab96307149a62e5c148b5ced1) Importer(815301076,1909f56bfc062723c751e8b465ee728b)
Start importing Assets/Oculus/Interaction/Runtime/Prefabs/Debug/ActiveStateDebugTreeNodeVertical.prefab using Guid(e1bdcfaab96307149a62e5c148b5ced1) Importer(815301076,1909f56bfc062723c751e8b465ee728b)  -> (artifact id: '912f265020aa961ddea096c4c62d1570') in 0.069832 seconds 
========================================================================
Received Import Request.
  Time since last request: 0.000665 seconds.
  path: Assets/Oculus/SampleFramework/Usage/SpatialAnchor/Prefabs/DemoAnchorPlacement.prefab
  artifactKey: Guid(bfee9d7faddbe8d40b04d370732cdb52) Importer(815301076,1909f56bfc062723c751e8b465ee728b)
Start importing Assets/Oculus/SampleFramework/Usage/SpatialAnchor/Prefabs/DemoAnchorPlacement.prefab using Guid(bfee9d7faddbe8d40b04d370732cdb52) Importer(815301076,1909f56bfc062723c751e8b465ee728b)  -> (artifact id: 'bdce9299cbaadc37980f9f613da1e74d') in 0.069314 seconds 
========================================================================
Received Import Request.
  Time since last request: 0.000586 seconds.
  path: Assets/UIKits/Prefabs/Menu/MenuHorizontal-L2.prefab
  artifactKey: Guid(80cbf7592ebabba428cd19f6b3493fa5) Importer(815301076,1909f56bfc062723c751e8b465ee728b)
Start importing Assets/UIKits/Prefabs/Menu/MenuHorizontal-L2.prefab using Guid(80cbf7592ebabba428cd19f6b3493fa5) Importer(815301076,1909f56bfc062723c751e8b465ee728b)  -> (artifact id: 'acf611e7c384a75b2c84f9ea0c495419') in 0.038128 seconds 
========================================================================
Received Import Request.
  Time since last request: 0.000363 seconds.
  path: Assets/Oculus/Interaction/Runtime/Prefabs/Debug/ActiveStateDebugTree.prefab
  artifactKey: Guid(dc0992b1665af9548996ae6d0807dbed) Importer(815301076,1909f56bfc062723c751e8b465ee728b)
Start importing Assets/Oculus/Interaction/Runtime/Prefabs/Debug/ActiveStateDebugTree.prefab using Guid(dc0992b1665af9548996ae6d0807dbed) Importer(815301076,1909f56bfc062723c751e8b465ee728b)  -> (artifact id: '09fcdb7cc1db94b59087bd5236eb0c58') in 0.031110 seconds 
========================================================================
Received Prepare
Registering precompiled user dll's ...
Registered in 0.051738 seconds.
Begin MonoManager ReloadAssembly
Symbol file LoadedFromMemory doesn't match image C:\Users\adama\Documents\GitHub\VR-Game-SWP\Game\Library\PackageCache\com.unity.visualscripting@1.6.1\Editor\VisualScripting.Core\Dependencies\DotNetZip\Unity.VisualScripting.IonicZip.dll
Symbol file LoadedFromMemory doesn't match image C:\Users\adama\Documents\GitHub\VR-Game-SWP\Game\Library\PackageCache\com.unity.visualscripting@1.6.1\Editor\VisualScripting.Core\Dependencies\YamlDotNet\Unity.VisualScripting.YamlDotNet.dll
Native extension for WindowsStandalone target not found
Refreshing native plugins compatible for Editor in 6.70 ms, found 8 plugins.
Preloading 1 native plugins for Editor in 0.25 ms.
Mono: successfully reloaded assembly
- Completed reload, in  8.002 seconds
Domain Reload Profiling:
	ReloadAssembly (8003ms)
		BeginReloadAssembly (750ms)
			ExecutionOrderSort (0ms)
			DisableScriptedObjects (10ms)
			BackupInstance (0ms)
			ReleaseScriptingObjects (0ms)
			CreateAndSetChildDomain (196ms)
		EndReloadAssembly (6928ms)
			LoadAssemblies (629ms)
			RebuildTransferFunctionScriptingTraits (0ms)
			SetupTypeCache (3360ms)
			ReleaseScriptCaches (2ms)
			RebuildScriptCaches (183ms)
			SetupLoadedEditorAssemblies (2264ms)
				LogAssemblyErrors (0ms)
				InitializePlatformSupportModulesInManaged (20ms)
				SetLoadedEditorAssemblies (1ms)
				RefreshPlugins (8ms)
				BeforeProcessingInitializeOnLoad (294ms)
				ProcessInitializeOnLoadAttributes (1876ms)
				ProcessInitializeOnLoadMethodAttributes (36ms)
				AfterProcessingInitializeOnLoad (30ms)
				EditorAssembliesLoaded (1ms)
			ExecutionOrderSort2 (0ms)
			AwakeInstancesAfterBackupRestoration (21ms)
Platform modules already initialized, skipping
Switching build target platform(19) subTarget(0) extendedPlatform(0) -> platform(13) subTarget(524288) extendedPlatform(0)
Shader 'Oculus/OVRMRCameraFrameLit': fallback shader 'Alpha-Diffuse' not found
Refreshing native plugins compatible for Editor in 3.04 ms, found 8 plugins.
Preloading 1 native plugins for Editor in 0.26 ms.
Unloading 4756 Unused Serialized files (Serialized files now loaded: 0)
System memory in use before: 190.4 MB.
System memory in use after: 190.6 MB.

Unloading 49 unused Assets to reduce memory usage. Loaded Objects now: 5337.
Total: 15.677200 ms (FindLiveObjects: 0.826700 ms CreateObjectMapping: 1.011300 ms MarkObjects: 13.752600 ms  DeleteObjects: 0.084400 ms)

AssetImportParameters requested are different than current active one (requested -> active):
  custom:framework-win-MediaFoundation: 216162199b28c13a410421893ffa2e32 -> 
  custom:video-decoder-ogg-theora: a1e56fd34408186e4bbccfd4996cb3dc -> 
  custom:container-muxer-webm: aa71ff27fc2769a1b78a27578f13a17b -> 
  custom:container-demuxer-webm: 4f35f7cbe854078d1ac9338744f61a02 -> 
  custom:container-demuxer-ogg: 62fdf1f143b41e24485cea50d1cbac27 -> 
  custom:video-encoder-webm-vp8: eb34c28f22e8b96e1ab97ce403110664 -> 
  custom:video-decoder-webm-vp8: 9c59270c3fd7afecdb556c50c9e8de78 -> 
  custom:graphics/normal-map-encoding: 01000000000000000000000000000000 -> 02000000000000000000000000000000
  custom:audio-decoder-ogg-vorbis: bf7c407c2cedff20999df2af8eb42d56 -> 
  custom:audio-encoder-webm-vorbis: bf7c407c2cedff20999df2af8eb42d56 -> 
========================================================================
Received Import Request.
  Time since last request: 202.385720 seconds.
  path: Assets/BNG Framework/Materials/Physics/MaxFriction.physicMaterial
  artifactKey: Guid(58a577ffcdfa5a64ea703514aac0c78f) Importer(815301076,1909f56bfc062723c751e8b465ee728b)
Start importing Assets/BNG Framework/Materials/Physics/MaxFriction.physicMaterial using Guid(58a577ffcdfa5a64ea703514aac0c78f) Importer(815301076,1909f56bfc062723c751e8b465ee728b)  -> (artifact id: '0c05a215cd407df38dd015d444d02574') in 0.107665 seconds 
========================================================================
Received Import Request.
  Time since last request: 0.000518 seconds.
  path: Assets/Oculus/AudioManager/Audio/TestSounds/metal_sliding_door_open_01.wav
  artifactKey: Guid(7000b4d67a1320940b363f3cf891dfff) Importer(815301076,1909f56bfc062723c751e8b465ee728b)
Start importing Assets/Oculus/AudioManager/Audio/TestSounds/metal_sliding_door_open_01.wav using Guid(7000b4d67a1320940b363f3cf891dfff) Importer(815301076,1909f56bfc062723c751e8b465ee728b)  -> (artifact id: '6491a8c1df4cb19708f7e184c6f2cd2f') in 2.472135 seconds 
========================================================================
Received Import Request.
  Time since last request: 0.000587 seconds.
  path: Assets/Oculus/LipSync/Models/FemaleHead_Morph/Female.fbm/melinda_DIFF.png
  artifactKey: Guid(1a8724f1d20039d4e9d7a0ddf97dedca) Importer(815301076,1909f56bfc062723c751e8b465ee728b)
Start importing Assets/Oculus/LipSync/Models/FemaleHead_Morph/Female.fbm/melinda_DIFF.png using Guid(1a8724f1d20039d4e9d7a0ddf97dedca) Importer(815301076,1909f56bfc062723c751e8b465ee728b)  -> (artifact id: '38c34358c7694f8c38a57fffe365f30b') in 0.466019 seconds 
========================================================================
Received Import Request.
  Time since last request: 0.000695 seconds.
  path: Assets/BNG Framework/Materials/Metal.mat
  artifactKey: Guid(63c92fe1c18deff44ab8c6be21543b83) Importer(815301076,1909f56bfc062723c751e8b465ee728b)
Start importing Assets/BNG Framework/Materials/Metal.mat using Guid(63c92fe1c18deff44ab8c6be21543b83) Importer(815301076,1909f56bfc062723c751e8b465ee728b)  -> (artifact id: 'ef3c312013e19575e325885aa4e02ad8') in 0.196326 seconds 
========================================================================
Received Import Request.
  Time since last request: 0.000366 seconds.
  path: Assets/BNG Framework/Sounds/metal.wav
  artifactKey: Guid(2bade6f2da8b58943974fb39b460192b) Importer(815301076,1909f56bfc062723c751e8b465ee728b)
Start importing Assets/BNG Framework/Sounds/metal.wav using Guid(2bade6f2da8b58943974fb39b460192b) Importer(815301076,1909f56bfc062723c751e8b465ee728b)  -> (artifact id: 'a0eb3d7ca039af4e3f9118c15e4607ec') in 0.093663 seconds 
========================================================================
Received Import Request.
  Time since last request: 0.000729 seconds.
  path: Assets/Oculus/Interaction/Runtime/DefaultSettings/PoseDetection/MiddleFingerFeatureStateThresholds.asset
  artifactKey: Guid(6654d266dec806d458e8c45751c96535) Importer(815301076,1909f56bfc062723c751e8b465ee728b)
Start importing Assets/Oculus/Interaction/Runtime/DefaultSettings/PoseDetection/MiddleFingerFeatureStateThresholds.asset using Guid(6654d266dec806d458e8c45751c96535) Importer(815301076,1909f56bfc062723c751e8b465ee728b)  -> (artifact id: '891397ba512fdb8c317093ffcbd1f97d') in 0.049722 seconds 
========================================================================
Received Import Request.
  Time since last request: 0.000508 seconds.
  path: Assets/BNG Framework/Textures/meter_grid.psd
  artifactKey: Guid(8e5a7d84f07680d4494818e3de59ef30) Importer(815301076,1909f56bfc062723c751e8b465ee728b)
Start importing Assets/BNG Framework/Textures/meter_grid.psd using Guid(8e5a7d84f07680d4494818e3de59ef30) Importer(815301076,1909f56bfc062723c751e8b465ee728b)  -> (artifact id: 'efe6d78e178ad78ffc6483c7f4c2b538') in 0.181428 seconds 
========================================================================
Received Import Request.
  Time since last request: 0.000291 seconds.
  path: Assets/Oculus/AudioManager/Audio/TestSounds/metal_sliding_door_open_01a.wav
  artifactKey: Guid(8198ccc08475a764daaf226b841a55f1) Importer(815301076,1909f56bfc062723c751e8b465ee728b)
Start importing Assets/Oculus/AudioManager/Audio/TestSounds/metal_sliding_door_open_01a.wav using Guid(8198ccc08475a764daaf226b841a55f1) Importer(815301076,1909f56bfc062723c751e8b465ee728b)  -> (artifact id: '590bdf0332413a865c43ec8a553372a4') in 0.095020 seconds 
========================================================================
Received Import Request.
  Time since last request: 0.001434 seconds.
  path: Assets/BNG Framework/Models/Hands/mid_hand.png
  artifactKey: Guid(ece39b9b42587524cbabf26097291ec8) Importer(815301076,1909f56bfc062723c751e8b465ee728b)
Start importing Assets/BNG Framework/Models/Hands/mid_hand.png using Guid(ece39b9b42587524cbabf26097291ec8) Importer(815301076,1909f56bfc062723c751e8b465ee728b)  -> (artifact id: '298ba02ff7ab40b92d0554e16a67357e') in 0.136092 seconds 
========================================================================
Received Import Request.
  Time since last request: 0.000446 seconds.
  path: Assets/Oculus/LipSync/Models/FemaleHead_Morph/Materials/melinda_DIFF.mat
  artifactKey: Guid(16d9c6ac0607b6446a37514d6e175d44) Importer(815301076,1909f56bfc062723c751e8b465ee728b)
Start importing Assets/Oculus/LipSync/Models/FemaleHead_Morph/Materials/melinda_DIFF.mat using Guid(16d9c6ac0607b6446a37514d6e175d44) Importer(815301076,1909f56bfc062723c751e8b465ee728b)  -> (artifact id: '9f1d28740c38400a8f286ba306e7f9c6') in 0.274597 seconds 
========================================================================
Received Import Request.
  Time since last request: 0.000784 seconds.
  path: Assets/BNG Framework/HandPoser/Poses/Resources/Middle.asset
  artifactKey: Guid(62a5a153c172ffc47855c499f012df0e) Importer(815301076,1909f56bfc062723c751e8b465ee728b)
Start importing Assets/BNG Framework/HandPoser/Poses/Resources/Middle.asset using Guid(62a5a153c172ffc47855c499f012df0e) Importer(815301076,1909f56bfc062723c751e8b465ee728b)  -> (artifact id: 'd42f9c1b5c34f2c93160ecfbd4bedd96') in 0.036406 seconds 
========================================================================
Received Import Request.
  Time since last request: 0.000495 seconds.
  path: Assets/Oculus/AudioManager/Audio/TestSounds/metal_sliding_door_close_01a.wav
  artifactKey: Guid(d3994560fb567c34a821fd9355c10eef) Importer(815301076,1909f56bfc062723c751e8b465ee728b)
Start importing Assets/Oculus/AudioManager/Audio/TestSounds/metal_sliding_door_close_01a.wav using Guid(d3994560fb567c34a821fd9355c10eef) Importer(815301076,1909f56bfc062723c751e8b465ee728b)  -> (artifact id: '242ed9e12ecbcf51489106333374d28f') in 0.091413 seconds 
========================================================================
Received Import Request.
  Time since last request: 0.000545 seconds.
  path: Assets/BNG Framework/Textures/Mirror Render Texture.renderTexture
  artifactKey: Guid(74ecb3ce20a15d94595d759a830bc012) Importer(815301076,1909f56bfc062723c751e8b465ee728b)
Start importing Assets/BNG Framework/Textures/Mirror Render Texture.renderTexture using Guid(74ecb3ce20a15d94595d759a830bc012) Importer(815301076,1909f56bfc062723c751e8b465ee728b)  -> (artifact id: '2bcdc77abe6d5ea1f13ef91d5ebd0cdd') in 0.132876 seconds 
========================================================================
Received Import Request.
  Time since last request: 0.000638 seconds.
  path: Assets/BNG Framework/Prefabs/Mirror.prefab
  artifactKey: Guid(64b01e3d5c639b9409f3e0a69f80b145) Importer(815301076,1909f56bfc062723c751e8b465ee728b)
Start importing Assets/BNG Framework/Prefabs/Mirror.prefab using Guid(64b01e3d5c639b9409f3e0a69f80b145) Importer(815301076,1909f56bfc062723c751e8b465ee728b)  -> (artifact id: 'a0b0cb22bd68f2c7dff51e81fc4cf224') in 0.287283 seconds 
========================================================================
Received Import Request.
  Time since last request: 0.000448 seconds.
  path: Assets/Oculus/AudioManager/Audio/TestSounds/metal_sliding_door_close_01.wav
  artifactKey: Guid(485ac48a563e2bf44bb4de7ead5a1f68) Importer(815301076,1909f56bfc062723c751e8b465ee728b)
Start importing Assets/Oculus/AudioManager/Audio/TestSounds/metal_sliding_door_close_01.wav using Guid(485ac48a563e2bf44bb4de7ead5a1f68) Importer(815301076,1909f56bfc062723c751e8b465ee728b)  -> (artifact id: '05bd2ec686b5125e418aae04cc30277b') in 0.062090 seconds 
========================================================================
Received Import Request.
  Time since last request: 0.000258 seconds.
  path: Assets/Oculus/Interaction/Runtime/DefaultSettings/HandFilter/MediumSmoothing.asset
  artifactKey: Guid(f7af6363ca0613144af4a8bc60517754) Importer(815301076,1909f56bfc062723c751e8b465ee728b)
Start importing Assets/Oculus/Interaction/Runtime/DefaultSettings/HandFilter/MediumSmoothing.asset using Guid(f7af6363ca0613144af4a8bc60517754) Importer(815301076,1909f56bfc062723c751e8b465ee728b)  -> (artifact id: 'f38799186cd6aa5a48f4b94cd0a65cdf') in 0.024854 seconds 
========================================================================
Received Import Request.
  Time since last request: 75.653364 seconds.
  path: Assets/Scenes/Menu.unity
  artifactKey: Guid(387ca2b758fcd5b40881523141247ae6) Importer(815301076,1909f56bfc062723c751e8b465ee728b)
Start importing Assets/Scenes/Menu.unity using Guid(387ca2b758fcd5b40881523141247ae6) Importer(815301076,1909f56bfc062723c751e8b465ee728b)  -> (artifact id: 'b88746de9adc889a22ac0c1a37a30fdb') in 0.102760 seconds 
========================================================================
Received Prepare
Shader 'Oculus/OVRMRCameraFrameLit': fallback shader 'Alpha-Diffuse' not found
Refreshing native plugins compatible for Editor in 32.53 ms, found 8 plugins.
Preloading 1 native plugins for Editor in 0.17 ms.
Unloading 43 Unused Serialized files (Serialized files now loaded: 0)
System memory in use before: 85.5 MB.
System memory in use after: 85.7 MB.

Unloading 43 unused Assets to reduce memory usage. Loaded Objects now: 5349.
Total: 9.893500 ms (FindLiveObjects: 0.995400 ms CreateObjectMapping: 0.727000 ms MarkObjects: 8.129400 ms  DeleteObjects: 0.039900 ms)

AssetImportParameters requested are different than current active one (requested -> active):
  custom:framework-win-MediaFoundation: 216162199b28c13a410421893ffa2e32 -> 
  custom:video-decoder-ogg-theora: a1e56fd34408186e4bbccfd4996cb3dc -> 
  custom:container-muxer-webm: aa71ff27fc2769a1b78a27578f13a17b -> 
  custom:container-demuxer-webm: 4f35f7cbe854078d1ac9338744f61a02 -> 
  custom:container-demuxer-ogg: 62fdf1f143b41e24485cea50d1cbac27 -> 
  custom:video-encoder-webm-vp8: eb34c28f22e8b96e1ab97ce403110664 -> 
  custom:video-decoder-webm-vp8: 9c59270c3fd7afecdb556c50c9e8de78 -> 
  custom:audio-decoder-ogg-vorbis: bf7c407c2cedff20999df2af8eb42d56 -> 
  custom:audio-encoder-webm-vorbis: bf7c407c2cedff20999df2af8eb42d56 -> 
========================================================================
Received Prepare
Shader 'Oculus/OVRMRCameraFrameLit': fallback shader 'Alpha-Diffuse' not found
Refreshing native plugins compatible for Editor in 146.35 ms, found 8 plugins.
Preloading 1 native plugins for Editor in 2.29 ms.
Unloading 43 Unused Serialized files (Serialized files now loaded: 0)
System memory in use before: 85.5 MB.
System memory in use after: 85.7 MB.

Unloading 43 unused Assets to reduce memory usage. Loaded Objects now: 5349.
Total: 424.395000 ms (FindLiveObjects: 18.512000 ms CreateObjectMapping: 3.159800 ms MarkObjects: 396.617300 ms  DeleteObjects: 6.096800 ms)

AssetImportParameters requested are different than current active one (requested -> active):
  custom:framework-win-MediaFoundation: 216162199b28c13a410421893ffa2e32 -> 
  custom:video-decoder-ogg-theora: a1e56fd34408186e4bbccfd4996cb3dc -> 
  custom:container-muxer-webm: aa71ff27fc2769a1b78a27578f13a17b -> 
  custom:container-demuxer-webm: 4f35f7cbe854078d1ac9338744f61a02 -> 
  custom:container-demuxer-ogg: 62fdf1f143b41e24485cea50d1cbac27 -> 
  custom:video-encoder-webm-vp8: eb34c28f22e8b96e1ab97ce403110664 -> 
  custom:video-decoder-webm-vp8: 9c59270c3fd7afecdb556c50c9e8de78 -> 
  custom:audio-decoder-ogg-vorbis: bf7c407c2cedff20999df2af8eb42d56 -> 
  custom:audio-encoder-webm-vorbis: bf7c407c2cedff20999df2af8eb42d56 -> 
========================================================================
Received Import Request.
  Time since last request: 2585.359670 seconds.
  path: Assets/Scenes/Menu.unity
  artifactKey: Guid(387ca2b758fcd5b40881523141247ae6) Importer(815301076,1909f56bfc062723c751e8b465ee728b)
Start importing Assets/Scenes/Menu.unity using Guid(387ca2b758fcd5b40881523141247ae6) Importer(815301076,1909f56bfc062723c751e8b465ee728b)  -> (artifact id: 'eea594679101040d8bd47d4e45d417f5') in 0.139958 seconds 
========================================================================
Received Prepare
Registering precompiled user dll's ...
Registered in 0.683578 seconds.
Begin MonoManager ReloadAssembly
Symbol file LoadedFromMemory doesn't match image C:\Users\adama\Documents\GitHub\VR-Game-SWP\Game\Library\PackageCache\com.unity.visualscripting@1.6.1\Editor\VisualScripting.Core\Dependencies\DotNetZip\Unity.VisualScripting.IonicZip.dll
Symbol file LoadedFromMemory doesn't match image C:\Users\adama\Documents\GitHub\VR-Game-SWP\Game\Library\PackageCache\com.unity.visualscripting@1.6.1\Editor\VisualScripting.Core\Dependencies\YamlDotNet\Unity.VisualScripting.YamlDotNet.dll
Native extension for WindowsStandalone target not found
Refreshing native plugins compatible for Editor in 4.47 ms, found 8 plugins.
Preloading 1 native plugins for Editor in 5.13 ms.
Mono: successfully reloaded assembly
- Completed reload, in  6.722 seconds
Domain Reload Profiling:
	ReloadAssembly (6728ms)
		BeginReloadAssembly (1160ms)
			ExecutionOrderSort (0ms)
			DisableScriptedObjects (84ms)
			BackupInstance (0ms)
			ReleaseScriptingObjects (0ms)
			CreateAndSetChildDomain (590ms)
		EndReloadAssembly (5217ms)
			LoadAssemblies (523ms)
			RebuildTransferFunctionScriptingTraits (0ms)
			SetupTypeCache (1495ms)
			ReleaseScriptCaches (5ms)
			RebuildScriptCaches (167ms)
			SetupLoadedEditorAssemblies (1861ms)
				LogAssemblyErrors (0ms)
				InitializePlatformSupportModulesInManaged (18ms)
				SetLoadedEditorAssemblies (2ms)
				RefreshPlugins (10ms)
				BeforeProcessingInitializeOnLoad (278ms)
				ProcessInitializeOnLoadAttributes (1486ms)
				ProcessInitializeOnLoadMethodAttributes (34ms)
				AfterProcessingInitializeOnLoad (32ms)
				EditorAssembliesLoaded (1ms)
			ExecutionOrderSort2 (0ms)
			AwakeInstancesAfterBackupRestoration (80ms)
Platform modules already initialized, skipping
Switching build target platform(19) subTarget(0) extendedPlatform(0) -> platform(13) subTarget(524288) extendedPlatform(0)
Shader 'Oculus/OVRMRCameraFrameLit': fallback shader 'Alpha-Diffuse' not found
Refreshing native plugins compatible for Editor in 3.30 ms, found 8 plugins.
Preloading 1 native plugins for Editor in 0.21 ms.
Unloading 4760 Unused Serialized files (Serialized files now loaded: 0)
System memory in use before: 200.2 MB.
System memory in use after: 200.5 MB.

Unloading 46 unused Assets to reduce memory usage. Loaded Objects now: 5408.
Total: 15.449700 ms (FindLiveObjects: 1.520800 ms CreateObjectMapping: 1.229800 ms MarkObjects: 12.200100 ms  DeleteObjects: 0.496400 ms)

AssetImportParameters requested are different than current active one (requested -> active):
  custom:framework-win-MediaFoundation: 216162199b28c13a410421893ffa2e32 -> 
  custom:video-decoder-ogg-theora: a1e56fd34408186e4bbccfd4996cb3dc -> 
  custom:container-muxer-webm: aa71ff27fc2769a1b78a27578f13a17b -> 
  custom:container-demuxer-webm: 4f35f7cbe854078d1ac9338744f61a02 -> 
  custom:container-demuxer-ogg: 62fdf1f143b41e24485cea50d1cbac27 -> 
  custom:video-encoder-webm-vp8: eb34c28f22e8b96e1ab97ce403110664 -> 
  custom:video-decoder-webm-vp8: 9c59270c3fd7afecdb556c50c9e8de78 -> 
  custom:graphics/normal-map-encoding: 01000000000000000000000000000000 -> 02000000000000000000000000000000
  custom:audio-decoder-ogg-vorbis: bf7c407c2cedff20999df2af8eb42d56 -> 
  custom:audio-encoder-webm-vorbis: bf7c407c2cedff20999df2af8eb42d56 -> 
========================================================================
Received Prepare
Shader 'Oculus/OVRMRCameraFrameLit': fallback shader 'Alpha-Diffuse' not found
Refreshing native plugins compatible for Editor in 34.24 ms, found 8 plugins.
Preloading 1 native plugins for Editor in 0.15 ms.
Unloading 43 Unused Serialized files (Serialized files now loaded: 0)
System memory in use before: 94.1 MB.
System memory in use after: 94.4 MB.

Unloading 43 unused Assets to reduce memory usage. Loaded Objects now: 5408.
Total: 5.819200 ms (FindLiveObjects: 0.672000 ms CreateObjectMapping: 0.364200 ms MarkObjects: 4.747900 ms  DeleteObjects: 0.033400 ms)

AssetImportParameters requested are different than current active one (requested -> active):
  custom:framework-win-MediaFoundation: 216162199b28c13a410421893ffa2e32 -> 
  custom:video-decoder-ogg-theora: a1e56fd34408186e4bbccfd4996cb3dc -> 
  custom:container-muxer-webm: aa71ff27fc2769a1b78a27578f13a17b -> 
  custom:container-demuxer-webm: 4f35f7cbe854078d1ac9338744f61a02 -> 
  custom:container-demuxer-ogg: 62fdf1f143b41e24485cea50d1cbac27 -> 
  custom:video-encoder-webm-vp8: eb34c28f22e8b96e1ab97ce403110664 -> 
  custom:video-decoder-webm-vp8: 9c59270c3fd7afecdb556c50c9e8de78 -> 
  custom:audio-decoder-ogg-vorbis: bf7c407c2cedff20999df2af8eb42d56 -> 
  custom:audio-encoder-webm-vorbis: bf7c407c2cedff20999df2af8eb42d56 -> 
========================================================================
Received Prepare
Shader 'Oculus/OVRMRCameraFrameLit': fallback shader 'Alpha-Diffuse' not found
Refreshing native plugins compatible for Editor in 30.73 ms, found 8 plugins.
Preloading 1 native plugins for Editor in 0.12 ms.
Unloading 43 Unused Serialized files (Serialized files now loaded: 0)
System memory in use before: 94.1 MB.
System memory in use after: 94.4 MB.

Unloading 43 unused Assets to reduce memory usage. Loaded Objects now: 5408.
Total: 6.447100 ms (FindLiveObjects: 0.679500 ms CreateObjectMapping: 0.247600 ms MarkObjects: 5.474100 ms  DeleteObjects: 0.044100 ms)

AssetImportParameters requested are different than current active one (requested -> active):
  custom:framework-win-MediaFoundation: 216162199b28c13a410421893ffa2e32 -> 
  custom:video-decoder-ogg-theora: a1e56fd34408186e4bbccfd4996cb3dc -> 
  custom:container-muxer-webm: aa71ff27fc2769a1b78a27578f13a17b -> 
  custom:container-demuxer-webm: 4f35f7cbe854078d1ac9338744f61a02 -> 
  custom:container-demuxer-ogg: 62fdf1f143b41e24485cea50d1cbac27 -> 
  custom:video-encoder-webm-vp8: eb34c28f22e8b96e1ab97ce403110664 -> 
  custom:video-decoder-webm-vp8: 9c59270c3fd7afecdb556c50c9e8de78 -> 
  custom:audio-decoder-ogg-vorbis: bf7c407c2cedff20999df2af8eb42d56 -> 
  custom:audio-encoder-webm-vorbis: bf7c407c2cedff20999df2af8eb42d56 -> 
========================================================================
Received Import Request.
  Time since last request: 1474.943113 seconds.
  path: Assets/MenuButtons.cs
  artifactKey: Guid(41e426b0b84eaf149b8434e370953b2f) Importer(815301076,1909f56bfc062723c751e8b465ee728b)
Start importing Assets/MenuButtons.cs using Guid(41e426b0b84eaf149b8434e370953b2f) Importer(815301076,1909f56bfc062723c751e8b465ee728b)  -> (artifact id: 'ba60155e35f9a9ea702677a98465edb2') in 13.569498 seconds 
========================================================================
Received Prepare
Registering precompiled user dll's ...
Registered in 1.230655 seconds.
Begin MonoManager ReloadAssembly
Symbol file LoadedFromMemory doesn't match image C:\Users\adama\Documents\GitHub\VR-Game-SWP\Game\Library\PackageCache\com.unity.visualscripting@1.6.1\Editor\VisualScripting.Core\Dependencies\DotNetZip\Unity.VisualScripting.IonicZip.dll
Symbol file LoadedFromMemory doesn't match image C:\Users\adama\Documents\GitHub\VR-Game-SWP\Game\Library\PackageCache\com.unity.visualscripting@1.6.1\Editor\VisualScripting.Core\Dependencies\YamlDotNet\Unity.VisualScripting.YamlDotNet.dll
Native extension for WindowsStandalone target not found
Refreshing native plugins compatible for Editor in 3.67 ms, found 8 plugins.
Preloading 1 native plugins for Editor in 0.60 ms.
Mono: successfully reloaded assembly
- Completed reload, in  6.545 seconds
Domain Reload Profiling:
	ReloadAssembly (6551ms)
		BeginReloadAssembly (1437ms)
			ExecutionOrderSort (0ms)
			DisableScriptedObjects (195ms)
			BackupInstance (0ms)
			ReleaseScriptingObjects (0ms)
			CreateAndSetChildDomain (631ms)
		EndReloadAssembly (4864ms)
			LoadAssemblies (732ms)
			RebuildTransferFunctionScriptingTraits (3ms)
			SetupTypeCache (1767ms)
			ReleaseScriptCaches (5ms)
			RebuildScriptCaches (149ms)
			SetupLoadedEditorAssemblies (1564ms)
				LogAssemblyErrors (0ms)
				InitializePlatformSupportModulesInManaged (36ms)
				SetLoadedEditorAssemblies (2ms)
				RefreshPlugins (5ms)
				BeforeProcessingInitializeOnLoad (240ms)
				ProcessInitializeOnLoadAttributes (1223ms)
				ProcessInitializeOnLoadMethodAttributes (30ms)
				AfterProcessingInitializeOnLoad (27ms)
				EditorAssembliesLoaded (0ms)
			ExecutionOrderSort2 (0ms)
			AwakeInstancesAfterBackupRestoration (64ms)
Platform modules already initialized, skipping
Switching build target platform(19) subTarget(0) extendedPlatform(0) -> platform(13) subTarget(524288) extendedPlatform(0)
Shader 'Oculus/OVRMRCameraFrameLit': fallback shader 'Alpha-Diffuse' not found
Refreshing native plugins compatible for Editor in 10.59 ms, found 8 plugins.
Preloading 1 native plugins for Editor in 0.26 ms.
Unloading 4756 Unused Serialized files (Serialized files now loaded: 0)
System memory in use before: 200.3 MB.
System memory in use after: 200.6 MB.

Unloading 46 unused Assets to reduce memory usage. Loaded Objects now: 5411.
Total: 24.788400 ms (FindLiveObjects: 6.855700 ms CreateObjectMapping: 3.303900 ms MarkObjects: 14.575300 ms  DeleteObjects: 0.051600 ms)

AssetImportParameters requested are different than current active one (requested -> active):
  custom:framework-win-MediaFoundation: 216162199b28c13a410421893ffa2e32 -> 
  custom:video-decoder-ogg-theora: a1e56fd34408186e4bbccfd4996cb3dc -> 
  custom:container-muxer-webm: aa71ff27fc2769a1b78a27578f13a17b -> 
  custom:container-demuxer-webm: 4f35f7cbe854078d1ac9338744f61a02 -> 
  custom:container-demuxer-ogg: 62fdf1f143b41e24485cea50d1cbac27 -> 
  custom:video-encoder-webm-vp8: eb34c28f22e8b96e1ab97ce403110664 -> 
  custom:video-decoder-webm-vp8: 9c59270c3fd7afecdb556c50c9e8de78 -> 
  custom:graphics/normal-map-encoding: 01000000000000000000000000000000 -> 02000000000000000000000000000000
  custom:audio-decoder-ogg-vorbis: bf7c407c2cedff20999df2af8eb42d56 -> 
  custom:audio-encoder-webm-vorbis: bf7c407c2cedff20999df2af8eb42d56 -> 
========================================================================
Received Import Request.
  Time since last request: 189.734462 seconds.
  path: Assets/MenuButtons.cs
  artifactKey: Guid(41e426b0b84eaf149b8434e370953b2f) Importer(815301076,1909f56bfc062723c751e8b465ee728b)
Start importing Assets/MenuButtons.cs using Guid(41e426b0b84eaf149b8434e370953b2f) Importer(815301076,1909f56bfc062723c751e8b465ee728b)  -> (artifact id: '2ea320052b59c3f3c82bb9353ae1ff29') in 0.083546 seconds 
========================================================================
Received Import Request.
  Time since last request: 848.074244 seconds.
  path: Assets/Scenes/Test.fbx
  artifactKey: Guid(27bc0e09b0165f045986b09679a0aa19) Importer(815301076,1909f56bfc062723c751e8b465ee728b)
Start importing Assets/Scenes/Test.fbx using Guid(27bc0e09b0165f045986b09679a0aa19) Importer(815301076,1909f56bfc062723c751e8b465ee728b)  -> (artifact id: '1c140296077411fd3c2b2ce0912c1537') in 4.396742 seconds 
========================================================================
Received Import Request.
  Time since last request: 126.170206 seconds.
  path: Assets/Scenes/Test.blend
  artifactKey: Guid(f788bcdc081341346ba9ede9e78d1af3) Importer(815301076,1909f56bfc062723c751e8b465ee728b)
Start importing Assets/Scenes/Test.blend using Guid(f788bcdc081341346ba9ede9e78d1af3) Importer(815301076,1909f56bfc062723c751e8b465ee728b)  -> (artifact id: '9fe721435e750183f1a2dfde466234ae') in 0.122930 seconds 
========================================================================
Received Import Request.
  Time since last request: 5.699761 seconds.
  path: Assets/Scenes/Menu.unity
  artifactKey: Guid(387ca2b758fcd5b40881523141247ae6) Importer(815301076,1909f56bfc062723c751e8b465ee728b)
Start importing Assets/Scenes/Menu.unity using Guid(387ca2b758fcd5b40881523141247ae6) Importer(815301076,1909f56bfc062723c751e8b465ee728b)  -> (artifact id: 'd71c116c1c6d378f7e8be708b0585359') in 0.041474 seconds 
========================================================================
Received Import Request.
  Time since last request: 23.641358 seconds.
  path: Assets/Scenes/Main.unity
  artifactKey: Guid(3f7e5105dcf492b429a0e90246d8e94b) Importer(815301076,1909f56bfc062723c751e8b465ee728b)
Start importing Assets/Scenes/Main.unity using Guid(3f7e5105dcf492b429a0e90246d8e94b) Importer(815301076,1909f56bfc062723c751e8b465ee728b)  -> (artifact id: 'bbfb00ab1d7ff3afc8be7cf76edb2b5a') in 0.024546 seconds 
========================================================================
Received Import Request.
  Time since last request: 36.091000 seconds.
  path: Assets/Scenes/Main.unity
  artifactKey: Guid(3f7e5105dcf492b429a0e90246d8e94b) Importer(815301076,1909f56bfc062723c751e8b465ee728b)
Start importing Assets/Scenes/Main.unity using Guid(3f7e5105dcf492b429a0e90246d8e94b) Importer(815301076,1909f56bfc062723c751e8b465ee728b)  -> (artifact id: '5bc90d396df8a2185ca3d1ce4bf6b4f2') in 0.052322 seconds 
========================================================================
Received Prepare
Registering precompiled user dll's ...
Registered in 0.670323 seconds.
Begin MonoManager ReloadAssembly
Symbol file LoadedFromMemory doesn't match image C:\Users\adama\Documents\GitHub\VR-Game-SWP\Game\Library\PackageCache\com.unity.visualscripting@1.6.1\Editor\VisualScripting.Core\Dependencies\DotNetZip\Unity.VisualScripting.IonicZip.dll
Symbol file LoadedFromMemory doesn't match image C:\Users\adama\Documents\GitHub\VR-Game-SWP\Game\Library\PackageCache\com.unity.visualscripting@1.6.1\Editor\VisualScripting.Core\Dependencies\YamlDotNet\Unity.VisualScripting.YamlDotNet.dll
Native extension for WindowsStandalone target not found
Refreshing native plugins compatible for Editor in 4.42 ms, found 8 plugins.
Preloading 1 native plugins for Editor in 0.23 ms.
Mono: successfully reloaded assembly
- Completed reload, in  4.483 seconds
Domain Reload Profiling:
	ReloadAssembly (4485ms)
		BeginReloadAssembly (1355ms)
			ExecutionOrderSort (0ms)
			DisableScriptedObjects (78ms)
			BackupInstance (0ms)
			ReleaseScriptingObjects (0ms)
			CreateAndSetChildDomain (799ms)
		EndReloadAssembly (2961ms)
			LoadAssemblies (505ms)
			RebuildTransferFunctionScriptingTraits (0ms)
			SetupTypeCache (1035ms)
			ReleaseScriptCaches (4ms)
			RebuildScriptCaches (99ms)
			SetupLoadedEditorAssemblies (964ms)
				LogAssemblyErrors (0ms)
				InitializePlatformSupportModulesInManaged (15ms)
				SetLoadedEditorAssemblies (1ms)
				RefreshPlugins (5ms)
				BeforeProcessingInitializeOnLoad (121ms)
				ProcessInitializeOnLoadAttributes (785ms)
				ProcessInitializeOnLoadMethodAttributes (20ms)
				AfterProcessingInitializeOnLoad (17ms)
				EditorAssembliesLoaded (0ms)
			ExecutionOrderSort2 (0ms)
			AwakeInstancesAfterBackupRestoration (28ms)
Platform modules already initialized, skipping
Switching build target platform(19) subTarget(0) extendedPlatform(0) -> platform(13) subTarget(524288) extendedPlatform(0)
Shader 'Oculus/OVRMRCameraFrameLit': fallback shader 'Alpha-Diffuse' not found
Refreshing native plugins compatible for Editor in 3.19 ms, found 8 plugins.
Preloading 1 native plugins for Editor in 0.19 ms.
Unloading 4756 Unused Serialized files (Serialized files now loaded: 0)
System memory in use before: 207.2 MB.
System memory in use after: 207.4 MB.

Unloading 47 unused Assets to reduce memory usage. Loaded Objects now: 5415.
Total: 8.529600 ms (FindLiveObjects: 0.532100 ms CreateObjectMapping: 0.201400 ms MarkObjects: 7.699000 ms  DeleteObjects: 0.094500 ms)

AssetImportParameters requested are different than current active one (requested -> active):
  custom:framework-win-MediaFoundation: 216162199b28c13a410421893ffa2e32 -> 
  custom:video-decoder-ogg-theora: a1e56fd34408186e4bbccfd4996cb3dc -> 
  custom:container-muxer-webm: aa71ff27fc2769a1b78a27578f13a17b -> 
  custom:container-demuxer-webm: 4f35f7cbe854078d1ac9338744f61a02 -> 
  custom:container-demuxer-ogg: 62fdf1f143b41e24485cea50d1cbac27 -> 
  custom:video-encoder-webm-vp8: eb34c28f22e8b96e1ab97ce403110664 -> 
  custom:video-decoder-webm-vp8: 9c59270c3fd7afecdb556c50c9e8de78 -> 
  custom:graphics/normal-map-encoding: 01000000000000000000000000000000 -> 02000000000000000000000000000000
  custom:audio-decoder-ogg-vorbis: bf7c407c2cedff20999df2af8eb42d56 -> 
  custom:audio-encoder-webm-vorbis: bf7c407c2cedff20999df2af8eb42d56 -> 
========================================================================
Received Prepare
Shader 'Oculus/OVRMRCameraFrameLit': fallback shader 'Alpha-Diffuse' not found
Refreshing native plugins compatible for Editor in 149.23 ms, found 8 plugins.
Preloading 1 native plugins for Editor in 0.22 ms.
Unloading 43 Unused Serialized files (Serialized files now loaded: 0)
System memory in use before: 99.8 MB.
System memory in use after: 100.0 MB.

Unloading 43 unused Assets to reduce memory usage. Loaded Objects now: 5415.
Total: 9.782100 ms (FindLiveObjects: 0.835600 ms CreateObjectMapping: 0.508800 ms MarkObjects: 8.391100 ms  DeleteObjects: 0.044900 ms)

AssetImportParameters requested are different than current active one (requested -> active):
  custom:framework-win-MediaFoundation: 216162199b28c13a410421893ffa2e32 -> 
  custom:video-decoder-ogg-theora: a1e56fd34408186e4bbccfd4996cb3dc -> 
  custom:container-muxer-webm: aa71ff27fc2769a1b78a27578f13a17b -> 
  custom:container-demuxer-webm: 4f35f7cbe854078d1ac9338744f61a02 -> 
  custom:container-demuxer-ogg: 62fdf1f143b41e24485cea50d1cbac27 -> 
  custom:video-encoder-webm-vp8: eb34c28f22e8b96e1ab97ce403110664 -> 
  custom:video-decoder-webm-vp8: 9c59270c3fd7afecdb556c50c9e8de78 -> 
  custom:audio-decoder-ogg-vorbis: bf7c407c2cedff20999df2af8eb42d56 -> 
  custom:audio-encoder-webm-vorbis: bf7c407c2cedff20999df2af8eb42d56 -> 
AssetImportWorkerClient::OnTransportError - code=2 error=End of file
