Using pre-set license
Built from '2021.1/staging' branch; Version is '2021.1.21f1 (f2d5d3c59f8c) revision 15914451'; Using compiler version '192528614'; Build Type 'Release'
OS: 'Windows 10 Education; OS build 19044.2006; Version 2009; 64bit' Language: 'en' Physical Memory: 16317 MB
BatchMode: 1, IsHumanControllingUs: 0, StartBugReporterOnCrash: 0, Is64bit: 1, IsPro: 0

COMMAND LINE ARGUMENTS:
C:\Program Files\Unity\Hub\Editor\2021.1.21f1\Editor\Unity.exe
-adb2
-batchMode
-noUpm
-name
AssetImportWorker0
-projectPath
C:/Users/Tobias/Documents/GitHub/SWP-Jahresprojekt-VRGame/Game
-logFile
Logs/AssetImportWorker0.log
-srvPort
54763
Successfully changed project path to: C:/Users/Tobias/Documents/GitHub/SWP-Jahresprojekt-VRGame/Game
C:/Users/Tobias/Documents/GitHub/SWP-Jahresprojekt-VRGame/Game
Using Asset Import Pipeline V2.
Refreshing native plugins compatible for Editor in 683.63 ms, found 8 plugins.
Preloading 1 native plugins for Editor in 0.74 ms.
Initialize engine version: 2021.1.21f1 (f2d5d3c59f8c)
[Subsystems] Discovering subsystems at path C:/Program Files/Unity/Hub/Editor/2021.1.21f1/Editor/Data/Resources/UnitySubsystems
[Subsystems] Discovering subsystems at path C:/Users/Tobias/Documents/GitHub/SWP-Jahresprojekt-VRGame/Game/Assets
GfxDevice: creating device client; threaded=0; jobified=0
Direct3D:
    Version:  Direct3D 11.0 [level 11.1]
    Renderer: NVIDIA GeForce GTX 1660 (ID=0x2184)
    Vendor:   NVIDIA
    VRAM:     5991 MB
    Driver:   30.0.15.1215
Shader 'Oculus/OVRMRCameraFrameLit': fallback shader 'Alpha-Diffuse' not found
Initialize mono
Mono path[0] = 'C:/Program Files/Unity/Hub/Editor/2021.1.21f1/Editor/Data/Managed'
Mono path[1] = 'C:/Program Files/Unity/Hub/Editor/2021.1.21f1/Editor/Data/MonoBleedingEdge/lib/mono/unityjit'
Mono config path = 'C:/Program Files/Unity/Hub/Editor/2021.1.21f1/Editor/Data/MonoBleedingEdge/etc'
Using monoOptions --debugger-agent=transport=dt_socket,embedding=1,server=y,suspend=n,address=127.0.0.1:56584
Begin MonoManager ReloadAssembly
Registering precompiled unity dll's ...
Register platform support module: C:/Program Files/Unity/Hub/Editor/2021.1.21f1/Editor/Data/PlaybackEngines/WindowsStandaloneSupport/UnityEditor.WindowsStandalone.Extensions.dll
Registered in 0.002967 seconds.
Native extension for WindowsStandalone target not found
Refreshing native plugins compatible for Editor in 207.03 ms, found 8 plugins.
Preloading 1 native plugins for Editor in 0.11 ms.
Mono: successfully reloaded assembly
- Completed reload, in  4.208 seconds
Domain Reload Profiling:
	ReloadAssembly (4209ms)
		BeginReloadAssembly (79ms)
			ExecutionOrderSort (0ms)
			DisableScriptedObjects (0ms)
			BackupInstance (0ms)
			ReleaseScriptingObjects (0ms)
			CreateAndSetChildDomain (1ms)
		EndReloadAssembly (1440ms)
			LoadAssemblies (76ms)
			RebuildTransferFunctionScriptingTraits (0ms)
			SetupTypeCache (208ms)
			ReleaseScriptCaches (0ms)
			RebuildScriptCaches (32ms)
			SetupLoadedEditorAssemblies (869ms)
				LogAssemblyErrors (0ms)
				InitializePlatformSupportModulesInManaged (8ms)
				SetLoadedEditorAssemblies (0ms)
				RefreshPlugins (207ms)
				BeforeProcessingInitializeOnLoad (2ms)
				ProcessInitializeOnLoadAttributes (123ms)
				ProcessInitializeOnLoadMethodAttributes (529ms)
				AfterProcessingInitializeOnLoad (0ms)
				EditorAssembliesLoaded (0ms)
			ExecutionOrderSort2 (0ms)
			AwakeInstancesAfterBackupRestoration (0ms)
Platform modules already initialized, skipping
Registering precompiled user dll's ...
Registered in 5.422484 seconds.
Begin MonoManager ReloadAssembly
Symbol file LoadedFromMemory doesn't match image C:\Users\Tobias\Documents\GitHub\SWP-Jahresprojekt-VRGame\Game\Library\PackageCache\com.unity.visualscripting@1.6.1\Editor\VisualScripting.Core\Dependencies\DotNetZip\Unity.VisualScripting.IonicZip.dll
Symbol file LoadedFromMemory doesn't match image C:\Users\Tobias\Documents\GitHub\SWP-Jahresprojekt-VRGame\Game\Library\PackageCache\com.unity.visualscripting@1.6.1\Editor\VisualScripting.Core\Dependencies\YamlDotNet\Unity.VisualScripting.YamlDotNet.dll
Native extension for WindowsStandalone target not found
Refreshing native plugins compatible for Editor in 206.63 ms, found 8 plugins.
Preloading 1 native plugins for Editor in 0.08 ms.
